<?xml version="1.0" encoding="UTF-8" standalone="yes"?><!DOCTYPE report PUBLIC "-//JACOCO//DTD Report 1.0//EN" "report.dtd"><report name="JaCoCoverage analysis (powered by JaCoCo from EclEmma)"><sessioninfo id="Chris-Laptop-8191ca92" start="1493092634959" dump="1493093072680"/><package name="MainFrame/ChessMenuBar/ChessBar_Menus/Menu_Items/File_MenuItems/newGame_Dialoge"><class name="MainFrame/ChessMenuBar/ChessBar_Menus/Menu_Items/File_MenuItems/newGame_Dialoge/MyComboBox"><method name="&lt;init&gt;" desc="()V" line="23"><counter type="INSTRUCTION" missed="0" covered="3"/><counter type="LINE" missed="0" covered="2"/><counter type="COMPLEXITY" missed="0" covered="1"/><counter type="METHOD" missed="0" covered="1"/></method><counter type="INSTRUCTION" missed="0" covered="3"/><counter type="LINE" missed="0" covered="2"/><counter type="COMPLEXITY" missed="0" covered="1"/><counter type="METHOD" missed="0" covered="1"/><counter type="CLASS" missed="0" covered="1"/></class><class name="MainFrame/ChessMenuBar/ChessBar_Menus/Menu_Items/File_MenuItems/newGame_Dialoge/NewGameDialoge$MyItemLestin"><method name="&lt;init&gt;" desc="(LMainFrame/ChessMenuBar/ChessBar_Menus/Menu_Items/File_MenuItems/newGame_Dialoge/NewGameDialoge;)V" line="30"><counter type="INSTRUCTION" missed="0" covered="6"/><counter type="LINE" missed="0" covered="1"/><counter type="COMPLEXITY" missed="0" covered="1"/><counter type="METHOD" missed="0" covered="1"/></method><method name="itemStateChanged" desc="(Ljava/awt/event/ItemEvent;)V" line="34"><counter type="INSTRUCTION" missed="34" covered="42"/><counter type="BRANCH" missed="3" covered="1"/><counter type="LINE" missed="7" covered="9"/><counter type="COMPLEXITY" missed="2" covered="1"/><counter type="METHOD" missed="0" covered="1"/></method><counter type="INSTRUCTION" missed="34" covered="48"/><counter type="BRANCH" missed="3" covered="1"/><counter type="LINE" missed="7" covered="10"/><counter type="COMPLEXITY" missed="2" covered="2"/><counter type="METHOD" missed="0" covered="2"/><counter type="CLASS" missed="0" covered="1"/></class><class name="MainFrame/ChessMenuBar/ChessBar_Menus/Menu_Items/File_MenuItems/newGame_Dialoge/NewGameDialoge"><method name="&lt;init&gt;" desc="(LMainFrame/ChessFrame/MainFrame;)V" line="63"><counter type="INSTRUCTION" missed="0" covered="345"/><counter type="LINE" missed="0" covered="68"/><counter type="COMPLEXITY" missed="0" covered="1"/><counter type="METHOD" missed="0" covered="1"/></method><method name="GetIpAddress" desc="()Ljava/lang/String;" line="188"><counter type="INSTRUCTION" missed="4" covered="0"/><counter type="LINE" missed="1" covered="0"/><counter type="COMPLEXITY" missed="1" covered="0"/><counter type="METHOD" missed="1" covered="0"/></method><method name="GetPortnumber" desc="()Ljava/lang/String;" line="192"><counter type="INSTRUCTION" missed="4" covered="0"/><counter type="LINE" missed="1" covered="0"/><counter type="COMPLEXITY" missed="1" covered="0"/><counter type="METHOD" missed="1" covered="0"/></method><method name="paintComponents" desc="(Ljava/awt/Graphics;)V" line="197"><counter type="INSTRUCTION" missed="4" covered="0"/><counter type="LINE" missed="2" covered="0"/><counter type="COMPLEXITY" missed="1" covered="0"/><counter type="METHOD" missed="1" covered="0"/></method><counter type="INSTRUCTION" missed="12" covered="345"/><counter type="LINE" missed="4" covered="68"/><counter type="COMPLEXITY" missed="3" covered="1"/><counter type="METHOD" missed="3" covered="1"/><counter type="CLASS" missed="0" covered="1"/></class><class name="MainFrame/ChessMenuBar/ChessBar_Menus/Menu_Items/File_MenuItems/newGame_Dialoge/NewGameDialoge$1"><method name="&lt;init&gt;" desc="(LMainFrame/ChessMenuBar/ChessBar_Menus/Menu_Items/File_MenuItems/newGame_Dialoge/NewGameDialoge;)V" line="137"><counter type="INSTRUCTION" missed="0" covered="6"/><counter type="LINE" missed="0" covered="1"/><counter type="COMPLEXITY" missed="0" covered="1"/><counter type="METHOD" missed="0" covered="1"/></method><method name="actionPerformed" desc="(Ljava/awt/event/ActionEvent;)V" line="141"><counter type="INSTRUCTION" missed="18" covered="18"/><counter type="BRANCH" missed="3" covered="1"/><counter type="LINE" missed="3" covered="5"/><counter type="COMPLEXITY" missed="2" covered="1"/><counter type="METHOD" missed="0" covered="1"/></method><counter type="INSTRUCTION" missed="18" covered="24"/><counter type="BRANCH" missed="3" covered="1"/><counter type="LINE" missed="3" covered="6"/><counter type="COMPLEXITY" missed="2" covered="2"/><counter type="METHOD" missed="0" covered="2"/><counter type="CLASS" missed="0" covered="1"/></class><class name="MainFrame/ChessMenuBar/ChessBar_Menus/Menu_Items/File_MenuItems/newGame_Dialoge/NewGameDialoge$2"><method name="&lt;init&gt;" desc="(LMainFrame/ChessMenuBar/ChessBar_Menus/Menu_Items/File_MenuItems/newGame_Dialoge/NewGameDialoge;)V" line="156"><counter type="INSTRUCTION" missed="0" covered="6"/><counter type="LINE" missed="0" covered="1"/><counter type="COMPLEXITY" missed="0" covered="1"/><counter type="METHOD" missed="0" covered="1"/></method><method name="actionPerformed" desc="(Ljava/awt/event/ActionEvent;)V" line="159"><counter type="INSTRUCTION" missed="4" covered="0"/><counter type="LINE" missed="2" covered="0"/><counter type="COMPLEXITY" missed="1" covered="0"/><counter type="METHOD" missed="1" covered="0"/></method><counter type="INSTRUCTION" missed="4" covered="6"/><counter type="LINE" missed="2" covered="1"/><counter type="COMPLEXITY" missed="1" covered="1"/><counter type="METHOD" missed="1" covered="1"/><counter type="CLASS" missed="0" covered="1"/></class><sourcefile name="NewGameDialoge.java"><line nr="23" mi="0" ci="2" mb="0" cb="0"/><line nr="25" mi="0" ci="1" mb="0" cb="0"/><line nr="30" mi="0" ci="6" mb="0" cb="0"/><line nr="34" mi="0" ci="6" mb="0" cb="0"/><line nr="36" mi="0" ci="4" mb="1" cb="1"/><line nr="38" mi="0" ci="5" mb="0" cb="0"/><line nr="39" mi="0" ci="5" mb="0" cb="0"/><line nr="41" mi="0" ci="5" mb="0" cb="0"/><line nr="42" mi="0" ci="5" mb="0" cb="0"/><line nr="43" mi="0" ci="5" mb="0" cb="0"/><line nr="44" mi="0" ci="6" mb="0" cb="0"/><line nr="46" mi="4" ci="0" mb="2" cb="0"/><line nr="47" mi="5" ci="0" mb="0" cb="0"/><line nr="48" mi="5" ci="0" mb="0" cb="0"/><line nr="49" mi="5" ci="0" mb="0" cb="0"/><line nr="50" mi="5" ci="0" mb="0" cb="0"/><line nr="52" mi="5" ci="0" mb="0" cb="0"/><line nr="53" mi="5" ci="0" mb="0" cb="0"/><line nr="56" mi="0" ci="1" mb="0" cb="0"/><line nr="63" mi="0" ci="5" mb="0" cb="0"/><line nr="65" mi="0" ci="5" mb="0" cb="0"/><line nr="66" mi="0" ci="6" mb="0" cb="0"/><line nr="67" mi="0" ci="6" mb="0" cb="0"/><line nr="68" mi="0" ci="6" mb="0" cb="0"/><line nr="70" mi="0" ci="6" mb="0" cb="0"/><line nr="71" mi="0" ci="6" mb="0" cb="0"/><line nr="72" mi="0" ci="6" mb="0" cb="0"/><line nr="73" mi="0" ci="6" mb="0" cb="0"/><line nr="75" mi="0" ci="5" mb="0" cb="0"/><line nr="81" mi="0" ci="5" mb="0" cb="0"/><line nr="83" mi="0" ci="4" mb="0" cb="0"/><line nr="84" mi="0" ci="4" mb="0" cb="0"/><line nr="85" mi="0" ci="4" mb="0" cb="0"/><line nr="86" mi="0" ci="3" mb="0" cb="0"/><line nr="88" mi="0" ci="5" mb="0" cb="0"/><line nr="90" mi="0" ci="6" mb="0" cb="0"/><line nr="91" mi="0" ci="6" mb="0" cb="0"/><line nr="93" mi="0" ci="5" mb="0" cb="0"/><line nr="94" mi="0" ci="5" mb="0" cb="0"/><line nr="96" mi="0" ci="5" mb="0" cb="0"/><line nr="97" mi="0" ci="5" mb="0" cb="0"/><line nr="99" mi="0" ci="5" mb="0" cb="0"/><line nr="100" mi="0" ci="5" mb="0" cb="0"/><line nr="102" mi="0" ci="5" mb="0" cb="0"/><line nr="103" mi="0" ci="5" mb="0" cb="0"/><line nr="105" mi="0" ci="5" mb="0" cb="0"/><line nr="106" mi="0" ci="5" mb="0" cb="0"/><line nr="108" mi="0" ci="5" mb="0" cb="0"/><line nr="109" mi="0" ci="5" mb="0" cb="0"/><line nr="111" mi="0" ci="5" mb="0" cb="0"/><line nr="112" mi="0" ci="5" mb="0" cb="0"/><line nr="114" mi="0" ci="5" mb="0" cb="0"/><line nr="115" mi="0" ci="5" mb="0" cb="0"/><line nr="117" mi="0" ci="4" mb="0" cb="0"/><line nr="118" mi="0" ci="4" mb="0" cb="0"/><line nr="119" mi="0" ci="4" mb="0" cb="0"/><line nr="120" mi="0" ci="4" mb="0" cb="0"/><line nr="122" mi="0" ci="5" mb="0" cb="0"/><line nr="123" mi="0" ci="5" mb="0" cb="0"/><line nr="124" mi="0" ci="5" mb="0" cb="0"/><line nr="125" mi="0" ci="5" mb="0" cb="0"/><line nr="127" mi="0" ci="5" mb="0" cb="0"/><line nr="128" mi="0" ci="5" mb="0" cb="0"/><line nr="130" mi="0" ci="7" mb="0" cb="0"/><line nr="132" mi="0" ci="4" mb="0" cb="0"/><line nr="133" mi="0" ci="4" mb="0" cb="0"/><line nr="135" mi="0" ci="3" mb="0" cb="0"/><line nr="137" mi="0" ci="13" mb="0" cb="0"/><line nr="141" mi="0" ci="6" mb="0" cb="0"/><line nr="143" mi="0" ci="3" mb="1" cb="1"/><line nr="144" mi="0" ci="5" mb="0" cb="0"/><line nr="146" mi="9" ci="0" mb="2" cb="0"/><line nr="147" mi="5" ci="0" mb="0" cb="0"/><line nr="149" mi="4" ci="0" mb="0" cb="0"/><line nr="153" mi="0" ci="3" mb="0" cb="0"/><line nr="154" mi="0" ci="1" mb="0" cb="0"/><line nr="156" mi="0" ci="13" mb="0" cb="0"/><line nr="159" mi="3" ci="0" mb="0" cb="0"/><line nr="160" mi="1" ci="0" mb="0" cb="0"/><line nr="163" mi="0" ci="4" mb="0" cb="0"/><line nr="165" mi="0" ci="6" mb="0" cb="0"/><line nr="166" mi="0" ci="6" mb="0" cb="0"/><line nr="167" mi="0" ci="6" mb="0" cb="0"/><line nr="168" mi="0" ci="6" mb="0" cb="0"/><line nr="169" mi="0" ci="6" mb="0" cb="0"/><line nr="170" mi="0" ci="6" mb="0" cb="0"/><line nr="171" mi="0" ci="6" mb="0" cb="0"/><line nr="172" mi="0" ci="6" mb="0" cb="0"/><line nr="173" mi="0" ci="6" mb="0" cb="0"/><line nr="174" mi="0" ci="6" mb="0" cb="0"/><line nr="176" mi="0" ci="5" mb="0" cb="0"/><line nr="178" mi="0" ci="4" mb="0" cb="0"/><line nr="179" mi="0" ci="4" mb="0" cb="0"/><line nr="181" mi="0" ci="7" mb="0" cb="0"/><line nr="182" mi="0" ci="4" mb="0" cb="0"/><line nr="183" mi="0" ci="4" mb="0" cb="0"/><line nr="185" mi="0" ci="1" mb="0" cb="0"/><line nr="188" mi="4" ci="0" mb="0" cb="0"/><line nr="192" mi="4" ci="0" mb="0" cb="0"/><line nr="197" mi="3" ci="0" mb="0" cb="0"/><line nr="199" mi="1" ci="0" mb="0" cb="0"/><counter type="INSTRUCTION" missed="68" covered="426"/><counter type="BRANCH" missed="6" covered="2"/><counter type="LINE" missed="16" covered="85"/><counter type="COMPLEXITY" missed="8" covered="7"/><counter type="METHOD" missed="4" covered="7"/><counter type="CLASS" missed="0" covered="5"/></sourcefile><counter type="INSTRUCTION" missed="68" covered="426"/><counter type="BRANCH" missed="6" covered="2"/><counter type="LINE" missed="16" covered="85"/><counter type="COMPLEXITY" missed="8" covered="7"/><counter type="METHOD" missed="4" covered="7"/><counter type="CLASS" missed="0" covered="5"/></package><package name="MainFrame/ChessMenuBar/ChessBar_Menus/Menu_Items/Tool_MenuItems"><class name="MainFrame/ChessMenuBar/ChessBar_Menus/Menu_Items/Tool_MenuItems/Options"><method name="&lt;init&gt;" desc="()V" line="10"><counter type="INSTRUCTION" missed="0" covered="6"/><counter type="LINE" missed="0" covered="3"/><counter type="COMPLEXITY" missed="0" covered="1"/><counter type="METHOD" missed="0" covered="1"/></method><counter type="INSTRUCTION" missed="0" covered="6"/><counter type="LINE" missed="0" covered="3"/><counter type="COMPLEXITY" missed="0" covered="1"/><counter type="METHOD" missed="0" covered="1"/><counter type="CLASS" missed="0" covered="1"/></class><sourcefile name="Options.java"><line nr="10" mi="0" ci="2" mb="0" cb="0"/><line nr="11" mi="0" ci="3" mb="0" cb="0"/><line nr="12" mi="0" ci="1" mb="0" cb="0"/><counter type="INSTRUCTION" missed="0" covered="6"/><counter type="LINE" missed="0" covered="3"/><counter type="COMPLEXITY" missed="0" covered="1"/><counter type="METHOD" missed="0" covered="1"/><counter type="CLASS" missed="0" covered="1"/></sourcefile><counter type="INSTRUCTION" missed="0" covered="6"/><counter type="LINE" missed="0" covered="3"/><counter type="COMPLEXITY" missed="0" covered="1"/><counter type="METHOD" missed="0" covered="1"/><counter type="CLASS" missed="0" covered="1"/></package><package name="MainFrame/ChessMenuBar/ChessBar_Menus"><class name="MainFrame/ChessMenuBar/ChessBar_Menus/Help_Menu"><method name="&lt;init&gt;" desc="()V" line="10"><counter type="INSTRUCTION" missed="0" covered="26"/><counter type="LINE" missed="0" covered="7"/><counter type="COMPLEXITY" missed="0" covered="1"/><counter type="METHOD" missed="0" covered="1"/></method><counter type="INSTRUCTION" missed="0" covered="26"/><counter type="LINE" missed="0" covered="7"/><counter type="COMPLEXITY" missed="0" covered="1"/><counter type="METHOD" missed="0" covered="1"/><counter type="CLASS" missed="0" covered="1"/></class><class name="MainFrame/ChessMenuBar/ChessBar_Menus/Tools_Menu"><method name="&lt;init&gt;" desc="()V" line="9"><counter type="INSTRUCTION" missed="0" covered="16"/><counter type="LINE" missed="0" covered="5"/><counter type="COMPLEXITY" missed="0" covered="1"/><counter type="METHOD" missed="0" covered="1"/></method><counter type="INSTRUCTION" missed="0" covered="16"/><counter type="LINE" missed="0" covered="5"/><counter type="COMPLEXITY" missed="0" covered="1"/><counter type="METHOD" missed="0" covered="1"/><counter type="CLASS" missed="0" covered="1"/></class><class name="MainFrame/ChessMenuBar/ChessBar_Menus/Edit_Menu"><method name="&lt;init&gt;" desc="()V" line="10"><counter type="INSTRUCTION" missed="0" covered="26"/><counter type="LINE" missed="0" covered="7"/><counter type="COMPLEXITY" missed="0" covered="1"/><counter type="METHOD" missed="0" covered="1"/></method><counter type="INSTRUCTION" missed="0" covered="26"/><counter type="LINE" missed="0" covered="7"/><counter type="COMPLEXITY" missed="0" covered="1"/><counter type="METHOD" missed="0" covered="1"/><counter type="CLASS" missed="0" covered="1"/></class><class name="MainFrame/ChessMenuBar/ChessBar_Menus/File_Menu"><method name="&lt;init&gt;" desc="(LMainFrame/ChessFrame/MainFrame;)V" line="14"><counter type="INSTRUCTION" missed="0" covered="49"/><counter type="LINE" missed="0" covered="12"/><counter type="COMPLEXITY" missed="0" covered="1"/><counter type="METHOD" missed="0" covered="1"/></method><method name="getIPaddress" desc="()Ljava/lang/String;" line="35"><counter type="INSTRUCTION" missed="4" covered="0"/><counter type="LINE" missed="1" covered="0"/><counter type="COMPLEXITY" missed="1" covered="0"/><counter type="METHOD" missed="1" covered="0"/></method><method name="getportNumber" desc="()Ljava/lang/String;" line="39"><counter type="INSTRUCTION" missed="4" covered="0"/><counter type="LINE" missed="1" covered="0"/><counter type="COMPLEXITY" missed="1" covered="0"/><counter type="METHOD" missed="1" covered="0"/></method><counter type="INSTRUCTION" missed="8" covered="49"/><counter type="LINE" missed="2" covered="12"/><counter type="COMPLEXITY" missed="2" covered="1"/><counter type="METHOD" missed="2" covered="1"/><counter type="CLASS" missed="0" covered="1"/></class><sourcefile name="File_Menu.java"><line nr="14" mi="0" ci="5" mb="0" cb="0"/><line nr="15" mi="0" ci="5" mb="0" cb="0"/><line nr="17" mi="0" ci="5" mb="0" cb="0"/><line nr="22" mi="0" ci="2" mb="0" cb="0"/><line nr="23" mi="0" ci="6" mb="0" cb="0"/><line nr="24" mi="0" ci="3" mb="0" cb="0"/><line nr="26" mi="0" ci="5" mb="0" cb="0"/><line nr="27" mi="0" ci="2" mb="0" cb="0"/><line nr="28" mi="0" ci="5" mb="0" cb="0"/><line nr="29" mi="0" ci="5" mb="0" cb="0"/><line nr="30" mi="0" ci="5" mb="0" cb="0"/><line nr="32" mi="0" ci="1" mb="0" cb="0"/><line nr="35" mi="4" ci="0" mb="0" cb="0"/><line nr="39" mi="4" ci="0" mb="0" cb="0"/><counter type="INSTRUCTION" missed="8" covered="49"/><counter type="LINE" missed="2" covered="12"/><counter type="COMPLEXITY" missed="2" covered="1"/><counter type="METHOD" missed="2" covered="1"/><counter type="CLASS" missed="0" covered="1"/></sourcefile><sourcefile name="Edit_Menu.java"><line nr="10" mi="0" ci="5" mb="0" cb="0"/><line nr="12" mi="0" ci="5" mb="0" cb="0"/><line nr="17" mi="0" ci="2" mb="0" cb="0"/><line nr="18" mi="0" ci="3" mb="0" cb="0"/><line nr="19" mi="0" ci="5" mb="0" cb="0"/><line nr="20" mi="0" ci="5" mb="0" cb="0"/><line nr="21" mi="0" ci="1" mb="0" cb="0"/><counter type="INSTRUCTION" missed="0" covered="26"/><counter type="LINE" missed="0" covered="7"/><counter type="COMPLEXITY" missed="0" covered="1"/><counter type="METHOD" missed="0" covered="1"/><counter type="CLASS" missed="0" covered="1"/></sourcefile><sourcefile name="Tools_Menu.java"><line nr="9" mi="0" ci="5" mb="0" cb="0"/><line nr="14" mi="0" ci="2" mb="0" cb="0"/><line nr="15" mi="0" ci="3" mb="0" cb="0"/><line nr="16" mi="0" ci="5" mb="0" cb="0"/><line nr="17" mi="0" ci="1" mb="0" cb="0"/><counter type="INSTRUCTION" missed="0" covered="16"/><counter type="LINE" missed="0" covered="5"/><counter type="COMPLEXITY" missed="0" covered="1"/><counter type="METHOD" missed="0" covered="1"/><counter type="CLASS" missed="0" covered="1"/></sourcefile><sourcefile name="Help_Menu.java"><line nr="10" mi="0" ci="5" mb="0" cb="0"/><line nr="12" mi="0" ci="5" mb="0" cb="0"/><line nr="17" mi="0" ci="2" mb="0" cb="0"/><line nr="18" mi="0" ci="3" mb="0" cb="0"/><line nr="19" mi="0" ci="5" mb="0" cb="0"/><line nr="20" mi="0" ci="5" mb="0" cb="0"/><line nr="21" mi="0" ci="1" mb="0" cb="0"/><counter type="INSTRUCTION" missed="0" covered="26"/><counter type="LINE" missed="0" covered="7"/><counter type="COMPLEXITY" missed="0" covered="1"/><counter type="METHOD" missed="0" covered="1"/><counter type="CLASS" missed="0" covered="1"/></sourcefile><counter type="INSTRUCTION" missed="8" covered="117"/><counter type="LINE" missed="2" covered="31"/><counter type="COMPLEXITY" missed="2" covered="4"/><counter type="METHOD" missed="2" covered="4"/><counter type="CLASS" missed="0" covered="4"/></package><package name="MainFrame/ChessMenuBar/ChessBar_Menus/Menu_Items/Edit_MenuItems"><class name="MainFrame/ChessMenuBar/ChessBar_Menus/Menu_Items/Edit_MenuItems/Undo_move"><method name="&lt;init&gt;" desc="()V" line="10"><counter type="INSTRUCTION" missed="0" covered="6"/><counter type="LINE" missed="0" covered="3"/><counter type="COMPLEXITY" missed="0" covered="1"/><counter type="METHOD" missed="0" covered="1"/></method><counter type="INSTRUCTION" missed="0" covered="6"/><counter type="LINE" missed="0" covered="3"/><counter type="COMPLEXITY" missed="0" covered="1"/><counter type="METHOD" missed="0" covered="1"/><counter type="CLASS" missed="0" covered="1"/></class><class name="MainFrame/ChessMenuBar/ChessBar_Menus/Menu_Items/Edit_MenuItems/Redo_move"><method name="&lt;init&gt;" desc="()V" line="10"><counter type="INSTRUCTION" missed="0" covered="6"/><counter type="LINE" missed="0" covered="3"/><counter type="COMPLEXITY" missed="0" covered="1"/><counter type="METHOD" missed="0" covered="1"/></method><counter type="INSTRUCTION" missed="0" covered="6"/><counter type="LINE" missed="0" covered="3"/><counter type="COMPLEXITY" missed="0" covered="1"/><counter type="METHOD" missed="0" covered="1"/><counter type="CLASS" missed="0" covered="1"/></class><sourcefile name="Redo_move.java"><line nr="10" mi="0" ci="2" mb="0" cb="0"/><line nr="11" mi="0" ci="3" mb="0" cb="0"/><line nr="13" mi="0" ci="1" mb="0" cb="0"/><counter type="INSTRUCTION" missed="0" covered="6"/><counter type="LINE" missed="0" covered="3"/><counter type="COMPLEXITY" missed="0" covered="1"/><counter type="METHOD" missed="0" covered="1"/><counter type="CLASS" missed="0" covered="1"/></sourcefile><sourcefile name="Undo_move.java"><line nr="10" mi="0" ci="2" mb="0" cb="0"/><line nr="11" mi="0" ci="3" mb="0" cb="0"/><line nr="12" mi="0" ci="1" mb="0" cb="0"/><counter type="INSTRUCTION" missed="0" covered="6"/><counter type="LINE" missed="0" covered="3"/><counter type="COMPLEXITY" missed="0" covered="1"/><counter type="METHOD" missed="0" covered="1"/><counter type="CLASS" missed="0" covered="1"/></sourcefile><counter type="INSTRUCTION" missed="0" covered="12"/><counter type="LINE" missed="0" covered="6"/><counter type="COMPLEXITY" missed="0" covered="2"/><counter type="METHOD" missed="0" covered="2"/><counter type="CLASS" missed="0" covered="2"/></package><package name="MainFrame/ChessFrame/ThreadTimer"><class name="MainFrame/ChessFrame/ThreadTimer/ThreadTimer"><method name="&lt;init&gt;" desc="(Ljavax/swing/JLabel;)V" line="8"><counter type="INSTRUCTION" missed="0" covered="22"/><counter type="LINE" missed="0" covered="5"/><counter type="COMPLEXITY" missed="0" covered="1"/><counter type="METHOD" missed="0" covered="1"/></method><method name="run" desc="()V" line="23"><counter type="INSTRUCTION" missed="16" covered="29"/><counter type="BRANCH" missed="1" covered="1"/><counter type="LINE" missed="7" covered="5"/><counter type="COMPLEXITY" missed="1" covered="1"/><counter type="METHOD" missed="0" covered="1"/></method><counter type="INSTRUCTION" missed="16" covered="51"/><counter type="BRANCH" missed="1" covered="1"/><counter type="LINE" missed="7" covered="10"/><counter type="COMPLEXITY" missed="1" covered="2"/><counter type="METHOD" missed="0" covered="2"/><counter type="CLASS" missed="0" covered="1"/></class><sourcefile name="ThreadTimer.java"><line nr="8" mi="0" ci="3" mb="0" cb="0"/><line nr="14" mi="0" ci="2" mb="0" cb="0"/><line nr="15" mi="0" ci="3" mb="0" cb="0"/><line nr="16" mi="0" ci="13" mb="0" cb="0"/><line nr="17" mi="0" ci="1" mb="0" cb="0"/><line nr="23" mi="0" ci="9" mb="0" cb="0"/><line nr="26" mi="0" ci="2" mb="0" cb="0"/><line nr="27" mi="1" ci="0" mb="0" cb="0"/><line nr="28" mi="2" ci="0" mb="0" cb="0"/><line nr="29" mi="0" ci="1" mb="0" cb="0"/><line nr="31" mi="0" ci="14" mb="0" cb="0"/><line nr="32" mi="0" ci="3" mb="1" cb="1"/><line nr="34" mi="6" ci="0" mb="0" cb="0"/><line nr="36" mi="2" ci="0" mb="0" cb="0"/><line nr="37" mi="3" ci="0" mb="0" cb="0"/><line nr="39" mi="1" ci="0" mb="0" cb="0"/><line nr="43" mi="1" ci="0" mb="0" cb="0"/><counter type="INSTRUCTION" missed="16" covered="51"/><counter type="BRANCH" missed="1" covered="1"/><counter type="LINE" missed="7" covered="10"/><counter type="COMPLEXITY" missed="1" covered="2"/><counter type="METHOD" missed="0" covered="2"/><counter type="CLASS" missed="0" covered="1"/></sourcefile><counter type="INSTRUCTION" missed="16" covered="51"/><counter type="BRANCH" missed="1" covered="1"/><counter type="LINE" missed="7" covered="10"/><counter type="COMPLEXITY" missed="1" covered="2"/><counter type="METHOD" missed="0" covered="2"/><counter type="CLASS" missed="0" covered="1"/></package><package name="MainFrame/ChessFrame/players"><class name="MainFrame/ChessFrame/players/Player2"><method name="&lt;init&gt;" desc="()V" line="22"><counter type="INSTRUCTION" missed="0" covered="259"/><counter type="BRANCH" missed="0" covered="2"/><counter type="LINE" missed="0" covered="18"/><counter type="COMPLEXITY" missed="0" covered="2"/><counter type="METHOD" missed="0" covered="1"/></method><method name="setChoosen" desc="(I)V" line="51"><counter type="INSTRUCTION" missed="4" covered="0"/><counter type="LINE" missed="2" covered="0"/><counter type="COMPLEXITY" missed="1" covered="0"/><counter type="METHOD" missed="1" covered="0"/></method><method name="returnPostion" desc="(I)Ljava/awt/Point;" line="56"><counter type="INSTRUCTION" missed="0" covered="88"/><counter type="BRANCH" missed="0" covered="17"/><counter type="LINE" missed="0" covered="18"/><counter type="COMPLEXITY" missed="0" covered="17"/><counter type="METHOD" missed="0" covered="1"/></method><method name="returnOldPostion" desc="(I)Ljava/awt/Point;" line="97"><counter type="INSTRUCTION" missed="62" covered="26"/><counter type="BRANCH" missed="12" covered="5"/><counter type="LINE" missed="12" covered="6"/><counter type="COMPLEXITY" missed="12" covered="5"/><counter type="METHOD" missed="0" covered="1"/></method><method name="returnIconImage" desc="(I)Ljava/awt/Image;" line="137"><counter type="INSTRUCTION" missed="2" covered="82"/><counter type="BRANCH" missed="1" covered="16"/><counter type="LINE" missed="1" covered="17"/><counter type="COMPLEXITY" missed="1" covered="16"/><counter type="METHOD" missed="0" covered="1"/></method><method name="changePostion" desc="(Ljava/awt/Point;I)V" line="177"><counter type="INSTRUCTION" missed="66" covered="32"/><counter type="BRANCH" missed="12" covered="5"/><counter type="LINE" missed="21" covered="12"/><counter type="COMPLEXITY" missed="12" covered="5"/><counter type="METHOD" missed="0" covered="1"/></method><method name="changePostionToOld" desc="(Ljava/awt/Point;I)V" line="232"><counter type="INSTRUCTION" missed="98" covered="0"/><counter type="BRANCH" missed="17" covered="0"/><counter type="LINE" missed="33" covered="0"/><counter type="COMPLEXITY" missed="17" covered="0"/><counter type="METHOD" missed="1" covered="0"/></method><method name="changePixel" desc="(II)V" line="287"><counter type="INSTRUCTION" missed="115" covered="0"/><counter type="BRANCH" missed="17" covered="0"/><counter type="LINE" missed="33" covered="0"/><counter type="COMPLEXITY" missed="17" covered="0"/><counter type="METHOD" missed="1" covered="0"/></method><method name="getPixelPoint" desc="(I)Ljava/awt/Point;" line="341"><counter type="INSTRUCTION" missed="58" covered="30"/><counter type="BRANCH" missed="12" covered="5"/><counter type="LINE" missed="12" covered="7"/><counter type="COMPLEXITY" missed="12" covered="5"/><counter type="METHOD" missed="0" covered="1"/></method><method name="changePixel" desc="(III)V" line="381"><counter type="INSTRUCTION" missed="77" covered="41"/><counter type="BRANCH" missed="12" covered="5"/><counter type="LINE" missed="21" covered="13"/><counter type="COMPLEXITY" missed="12" covered="5"/><counter type="METHOD" missed="0" covered="1"/></method><method name="Killedpiec" desc="(I)Z" line="436"><counter type="INSTRUCTION" missed="94" covered="24"/><counter type="BRANCH" missed="15" covered="2"/><counter type="LINE" missed="28" covered="6"/><counter type="COMPLEXITY" missed="15" covered="2"/><counter type="METHOD" missed="0" covered="1"/></method><method name="checkthemove" desc="(Ljava/awt/Point;I)Z" line="490"><counter type="INSTRUCTION" missed="74" covered="94"/><counter type="BRANCH" missed="7" covered="10"/><counter type="LINE" missed="7" covered="12"/><counter type="COMPLEXITY" missed="7" covered="10"/><counter type="METHOD" missed="0" covered="1"/></method><method name="setSeentoSiliders" desc="(ILjava/awt/Point;)Z" line="531"><counter type="INSTRUCTION" missed="2" covered="66"/><counter type="BRANCH" missed="1" covered="8"/><counter type="LINE" missed="1" covered="9"/><counter type="COMPLEXITY" missed="1" covered="8"/><counter type="METHOD" missed="0" covered="1"/></method><method name="returnsoliderSeen" desc="(I)Z" line="554"><counter type="INSTRUCTION" missed="44" covered="8"/><counter type="BRANCH" missed="8" covered="1"/><counter type="LINE" missed="8" covered="2"/><counter type="COMPLEXITY" missed="8" covered="1"/><counter type="METHOD" missed="0" covered="1"/></method><method name="checktheWay" desc="(Ljava/awt/Point;Ljava/awt/Point;I)Z" line="577"><counter type="INSTRUCTION" missed="78" covered="75"/><counter type="BRANCH" missed="6" covered="8"/><counter type="LINE" missed="6" covered="9"/><counter type="COMPLEXITY" missed="6" covered="8"/><counter type="METHOD" missed="0" covered="1"/></method><method name="checKing" desc="(Ljava/awt/Point;Ljava/awt/Point;I)Z" line="611"><counter type="INSTRUCTION" missed="161" covered="0"/><counter type="BRANCH" missed="16" covered="0"/><counter type="LINE" missed="17" covered="0"/><counter type="COMPLEXITY" missed="16" covered="0"/><counter type="METHOD" missed="1" covered="0"/></method><method name="returnChosen" desc="()I" line="649"><counter type="INSTRUCTION" missed="3" covered="0"/><counter type="LINE" missed="1" covered="0"/><counter type="COMPLEXITY" missed="1" covered="0"/><counter type="METHOD" missed="1" covered="0"/></method><method name="SetInhand" desc="(I)V" line="653"><counter type="INSTRUCTION" missed="0" covered="4"/><counter type="LINE" missed="0" covered="2"/><counter type="COMPLEXITY" missed="0" covered="1"/><counter type="METHOD" missed="0" covered="1"/></method><method name="GetInhand" desc="()I" line="657"><counter type="INSTRUCTION" missed="0" covered="3"/><counter type="LINE" missed="0" covered="1"/><counter type="COMPLEXITY" missed="0" covered="1"/><counter type="METHOD" missed="0" covered="1"/></method><method name="CanMove" desc="(II)Z" line="661"><counter type="INSTRUCTION" missed="2" covered="0"/><counter type="LINE" missed="1" covered="0"/><counter type="COMPLEXITY" missed="1" covered="0"/><counter type="METHOD" missed="1" covered="0"/></method><method name="checkKing" desc="(Z)V" line="665"><counter type="INSTRUCTION" missed="0" covered="4"/><counter type="LINE" missed="0" covered="2"/><counter type="COMPLEXITY" missed="0" covered="1"/><counter type="METHOD" missed="0" covered="1"/></method><method name="returncheckKing" desc="()Z" line="669"><counter type="INSTRUCTION" missed="0" covered="3"/><counter type="LINE" missed="0" covered="1"/><counter type="COMPLEXITY" missed="0" covered="1"/><counter type="METHOD" missed="0" covered="1"/></method><method name="seeIfChecked" desc="(LMainFrame/ChessFrame/players/Player1;)Z" line="674"><counter type="INSTRUCTION" missed="0" covered="73"/><counter type="BRANCH" missed="2" covered="20"/><counter type="LINE" missed="0" covered="20"/><counter type="COMPLEXITY" missed="2" covered="10"/><counter type="METHOD" missed="0" covered="1"/></method><method name="Check_Mate_GameOver" desc="(LMainFrame/ChessFrame/players/Player1;)Z" line="734"><counter type="INSTRUCTION" missed="56" covered="85"/><counter type="BRANCH" missed="7" covered="13"/><counter type="LINE" missed="21" covered="19"/><counter type="COMPLEXITY" missed="7" covered="4"/><counter type="METHOD" missed="0" covered="1"/></method><method name="Pice_already_there" desc="(Ljava/awt/Point;)Z" line="798"><counter type="INSTRUCTION" missed="0" covered="29"/><counter type="BRANCH" missed="0" covered="8"/><counter type="LINE" missed="0" covered="6"/><counter type="COMPLEXITY" missed="0" covered="5"/><counter type="METHOD" missed="0" covered="1"/></method><method name="Pice_already_there_from_enemy" desc="(Ljava/awt/Point;LMainFrame/ChessFrame/players/Player1;)Z" line="818"><counter type="INSTRUCTION" missed="0" covered="25"/><counter type="BRANCH" missed="0" covered="6"/><counter type="LINE" missed="0" covered="5"/><counter type="COMPLEXITY" missed="0" covered="4"/><counter type="METHOD" missed="0" covered="1"/></method><method name="Get_Pice_already_there_from_enemy" desc="(Ljava/awt/Point;LMainFrame/ChessFrame/players/Player1;)I" line="836"><counter type="INSTRUCTION" missed="25" covered="0"/><counter type="BRANCH" missed="6" covered="0"/><counter type="LINE" missed="5" covered="0"/><counter type="COMPLEXITY" missed="4" covered="0"/><counter type="METHOD" missed="1" covered="0"/></method><method name="KingGenerate_moves" desc="(LMainFrame/ChessFrame/players/Player1;)Z" line="846"><counter type="INSTRUCTION" missed="126" covered="501"/><counter type="BRANCH" missed="37" covered="67"/><counter type="LINE" missed="37" covered="116"/><counter type="COMPLEXITY" missed="33" covered="20"/><counter type="METHOD" missed="0" covered="1"/></method><method name="CastleGenerate_moves" desc="(LMainFrame/ChessFrame/players/Player1;LMainFrame/ChessFrame/players/Pieces/Rook;)Z" line="1091"><counter type="INSTRUCTION" missed="66" covered="147"/><counter type="BRANCH" missed="13" covered="23"/><counter type="LINE" missed="19" covered="39"/><counter type="COMPLEXITY" missed="11" covered="8"/><counter type="METHOD" missed="0" covered="1"/></method><method name="ElephentGenerate_moves" desc="(LMainFrame/ChessFrame/players/Player1;LMainFrame/ChessFrame/players/Pieces/Bishop;)Z" line="1190"><counter type="INSTRUCTION" missed="41" covered="165"/><counter type="BRANCH" missed="14" covered="26"/><counter type="LINE" missed="12" covered="41"/><counter type="COMPLEXITY" missed="13" covered="8"/><counter type="METHOD" missed="0" covered="1"/></method><method name="HosreGenerate_moves" desc="(LMainFrame/ChessFrame/players/Player1;LMainFrame/ChessFrame/players/Pieces/Knight;)Z" line="1279"><counter type="INSTRUCTION" missed="348" covered="274"/><counter type="BRANCH" missed="75" covered="41"/><counter type="LINE" missed="93" covered="55"/><counter type="COMPLEXITY" missed="54" covered="5"/><counter type="METHOD" missed="0" covered="1"/></method><method name="QueenGenerate_moves" desc="(LMainFrame/ChessFrame/players/Player1;)Z" line="1510"><counter type="INSTRUCTION" missed="108" covered="265"/><counter type="BRANCH" missed="27" covered="43"/><counter type="LINE" missed="31" covered="62"/><counter type="COMPLEXITY" missed="23" covered="13"/><counter type="METHOD" missed="0" covered="1"/></method><method name="SoliderGenerate_moves" desc="(LMainFrame/ChessFrame/players/Player1;LMainFrame/ChessFrame/players/Pieces/Pawn;)Z" line="1664"><counter type="INSTRUCTION" missed="98" covered="126"/><counter type="BRANCH" missed="22" covered="12"/><counter type="LINE" missed="20" covered="18"/><counter type="COMPLEXITY" missed="15" covered="3"/><counter type="METHOD" missed="0" covered="1"/></method><method name="Check_The_Way_to_Postion" desc="(LMainFrame/ChessFrame/players/Player1;Ljava/awt/Point;)Z" line="1735"><counter type="INSTRUCTION" missed="2" covered="40"/><counter type="BRANCH" missed="1" covered="7"/><counter type="LINE" missed="1" covered="8"/><counter type="COMPLEXITY" missed="1" covered="4"/><counter type="METHOD" missed="0" covered="1"/></method><method name="kill_to_protect_king" desc="(LMainFrame/ChessFrame/players/Player1;Ljava/awt/Point;)Z" line="1757"><counter type="INSTRUCTION" missed="0" covered="35"/><counter type="BRANCH" missed="0" covered="6"/><counter type="LINE" missed="0" covered="7"/><counter type="COMPLEXITY" missed="0" covered="4"/><counter type="METHOD" missed="0" covered="1"/></method><method name="hasMoreElements" desc="()Z" line="1772"><counter type="INSTRUCTION" missed="2" covered="0"/><counter type="LINE" missed="1" covered="0"/><counter type="COMPLEXITY" missed="1" covered="0"/><counter type="METHOD" missed="1" covered="0"/></method><method name="nextElement" desc="()Ljava/lang/Object;" line="1777"><counter type="INSTRUCTION" missed="4" covered="0"/><counter type="LINE" missed="1" covered="0"/><counter type="COMPLEXITY" missed="1" covered="0"/><counter type="METHOD" missed="1" covered="0"/></method><method name="Tell_me_About_last_move" desc="()Ljava/lang/String;" line="1781"><counter type="INSTRUCTION" missed="58" covered="27"/><counter type="BRANCH" missed="12" covered="5"/><counter type="LINE" missed="12" covered="6"/><counter type="COMPLEXITY" missed="12" covered="5"/><counter type="METHOD" missed="0" covered="1"/></method><counter type="INSTRUCTION" missed="1874" covered="2631"/><counter type="BRANCH" missed="352" covered="361"/><counter type="LINE" missed="457" covered="537"/><counter type="COMPLEXITY" missed="316" covered="181"/><counter type="METHOD" missed="9" covered="29"/><counter type="CLASS" missed="0" covered="1"/></class><class name="MainFrame/ChessFrame/players/Player1"><method name="&lt;init&gt;" desc="()V" line="86"><counter type="INSTRUCTION" missed="0" covered="259"/><counter type="BRANCH" missed="0" covered="2"/><counter type="LINE" missed="0" covered="18"/><counter type="COMPLEXITY" missed="0" covered="2"/><counter type="METHOD" missed="0" covered="1"/></method><method name="returnPostion" desc="(I)Ljava/awt/Point;" line="113"><counter type="INSTRUCTION" missed="0" covered="88"/><counter type="BRANCH" missed="0" covered="17"/><counter type="LINE" missed="0" covered="18"/><counter type="COMPLEXITY" missed="0" covered="17"/><counter type="METHOD" missed="0" covered="1"/></method><method name="returnOldPostion" desc="(I)Ljava/awt/Point;" line="153"><counter type="INSTRUCTION" missed="28" covered="60"/><counter type="BRANCH" missed="5" covered="12"/><counter type="LINE" missed="5" covered="13"/><counter type="COMPLEXITY" missed="5" covered="12"/><counter type="METHOD" missed="0" covered="1"/></method><method name="returnIconImage" desc="(I)Ljava/awt/Image;" line="193"><counter type="INSTRUCTION" missed="2" covered="82"/><counter type="BRANCH" missed="1" covered="16"/><counter type="LINE" missed="1" covered="17"/><counter type="COMPLEXITY" missed="1" covered="16"/><counter type="METHOD" missed="0" covered="1"/></method><method name="changePostion" desc="(Ljava/awt/Point;I)V" line="236"><counter type="INSTRUCTION" missed="7" covered="91"/><counter type="BRANCH" missed="2" covered="15"/><counter type="LINE" missed="2" covered="31"/><counter type="COMPLEXITY" missed="2" covered="15"/><counter type="METHOD" missed="0" covered="1"/></method><method name="changePostionToOld" desc="(Ljava/awt/Point;I)V" line="291"><counter type="INSTRUCTION" missed="98" covered="0"/><counter type="BRANCH" missed="17" covered="0"/><counter type="LINE" missed="33" covered="0"/><counter type="COMPLEXITY" missed="17" covered="0"/><counter type="METHOD" missed="1" covered="0"/></method><method name="changePixel" desc="(III)V" line="345"><counter type="INSTRUCTION" missed="30" covered="88"/><counter type="BRANCH" missed="5" covered="12"/><counter type="LINE" missed="8" covered="26"/><counter type="COMPLEXITY" missed="5" covered="12"/><counter type="METHOD" missed="0" covered="1"/></method><method name="getPixelPoint" desc="(I)Ljava/awt/Point;" line="400"><counter type="INSTRUCTION" missed="24" covered="64"/><counter type="BRANCH" missed="5" covered="12"/><counter type="LINE" missed="5" covered="14"/><counter type="COMPLEXITY" missed="5" covered="12"/><counter type="METHOD" missed="0" covered="1"/></method><method name="checkthemove" desc="(Ljava/awt/Point;I)Z" line="440"><counter type="INSTRUCTION" missed="38" covered="130"/><counter type="BRANCH" missed="4" covered="13"/><counter type="LINE" missed="4" covered="15"/><counter type="COMPLEXITY" missed="4" covered="13"/><counter type="METHOD" missed="0" covered="1"/></method><method name="setSeentoSiliders" desc="(ILjava/awt/Point;)Z" line="480"><counter type="INSTRUCTION" missed="2" covered="66"/><counter type="BRANCH" missed="1" covered="8"/><counter type="LINE" missed="1" covered="9"/><counter type="COMPLEXITY" missed="1" covered="8"/><counter type="METHOD" missed="0" covered="1"/></method><method name="returnPawnSeen" desc="(I)Z" line="502"><counter type="INSTRUCTION" missed="44" covered="8"/><counter type="BRANCH" missed="8" covered="1"/><counter type="LINE" missed="8" covered="2"/><counter type="COMPLEXITY" missed="8" covered="1"/><counter type="METHOD" missed="0" covered="1"/></method><method name="checktheWay" desc="(Ljava/awt/Point;Ljava/awt/Point;I)Z" line="524"><counter type="INSTRUCTION" missed="48" covered="105"/><counter type="BRANCH" missed="4" covered="10"/><counter type="LINE" missed="4" covered="11"/><counter type="COMPLEXITY" missed="4" covered="10"/><counter type="METHOD" missed="0" covered="1"/></method><method name="Killedpiec" desc="(I)Z" line="558"><counter type="INSTRUCTION" missed="16" covered="102"/><counter type="BRANCH" missed="4" covered="13"/><counter type="LINE" missed="6" covered="28"/><counter type="COMPLEXITY" missed="4" covered="13"/><counter type="METHOD" missed="0" covered="1"/></method><method name="checKing" desc="(Ljava/awt/Point;Ljava/awt/Point;I)Z" line="614"><counter type="INSTRUCTION" missed="161" covered="0"/><counter type="BRANCH" missed="16" covered="0"/><counter type="LINE" missed="17" covered="0"/><counter type="COMPLEXITY" missed="16" covered="0"/><counter type="METHOD" missed="1" covered="0"/></method><method name="returnChosen" desc="()I" line="652"><counter type="INSTRUCTION" missed="3" covered="0"/><counter type="LINE" missed="1" covered="0"/><counter type="COMPLEXITY" missed="1" covered="0"/><counter type="METHOD" missed="1" covered="0"/></method><method name="SetInhand" desc="(I)V" line="656"><counter type="INSTRUCTION" missed="0" covered="4"/><counter type="LINE" missed="0" covered="2"/><counter type="COMPLEXITY" missed="0" covered="1"/><counter type="METHOD" missed="0" covered="1"/></method><method name="GetInhand" desc="()I" line="660"><counter type="INSTRUCTION" missed="0" covered="3"/><counter type="LINE" missed="0" covered="1"/><counter type="COMPLEXITY" missed="0" covered="1"/><counter type="METHOD" missed="0" covered="1"/></method><method name="CanMove" desc="(II)Z" line="664"><counter type="INSTRUCTION" missed="2" covered="0"/><counter type="LINE" missed="1" covered="0"/><counter type="COMPLEXITY" missed="1" covered="0"/><counter type="METHOD" missed="1" covered="0"/></method><method name="checkKing" desc="(Z)V" line="668"><counter type="INSTRUCTION" missed="0" covered="4"/><counter type="LINE" missed="0" covered="2"/><counter type="COMPLEXITY" missed="0" covered="1"/><counter type="METHOD" missed="0" covered="1"/></method><method name="returncheckKing" desc="()Z" line="673"><counter type="INSTRUCTION" missed="0" covered="3"/><counter type="LINE" missed="0" covered="1"/><counter type="COMPLEXITY" missed="0" covered="1"/><counter type="METHOD" missed="0" covered="1"/></method><method name="if_MyKing_In_check" desc="(LMainFrame/ChessFrame/players/Player2;)Z" line="677"><counter type="INSTRUCTION" missed="6" covered="0"/><counter type="LINE" missed="3" covered="0"/><counter type="COMPLEXITY" missed="1" covered="0"/><counter type="METHOD" missed="1" covered="0"/></method><method name="Check_Mate_GameOver" desc="(LMainFrame/ChessFrame/players/Player2;)Z" line="685"><counter type="INSTRUCTION" missed="108" covered="9"/><counter type="BRANCH" missed="19" covered="1"/><counter type="LINE" missed="29" covered="3"/><counter type="COMPLEXITY" missed="10" covered="1"/><counter type="METHOD" missed="0" covered="1"/></method><method name="seeIfChecked" desc="(LMainFrame/ChessFrame/players/Player2;)Z" line="736"><counter type="INSTRUCTION" missed="1" covered="72"/><counter type="BRANCH" missed="2" covered="20"/><counter type="LINE" missed="1" covered="19"/><counter type="COMPLEXITY" missed="2" covered="10"/><counter type="METHOD" missed="0" covered="1"/></method><method name="Pice_already_there" desc="(Ljava/awt/Point;)Z" line="796"><counter type="INSTRUCTION" missed="0" covered="29"/><counter type="BRANCH" missed="0" covered="8"/><counter type="LINE" missed="0" covered="6"/><counter type="COMPLEXITY" missed="0" covered="5"/><counter type="METHOD" missed="0" covered="1"/></method><method name="Pice_already_there_from_enemy" desc="(Ljava/awt/Point;LMainFrame/ChessFrame/players/Player2;)Z" line="816"><counter type="INSTRUCTION" missed="25" covered="0"/><counter type="BRANCH" missed="6" covered="0"/><counter type="LINE" missed="5" covered="0"/><counter type="COMPLEXITY" missed="4" covered="0"/><counter type="METHOD" missed="1" covered="0"/></method><method name="Get_Pice_already_there_from_enemy" desc="(Ljava/awt/Point;LMainFrame/ChessFrame/players/Player2;)I" line="830"><counter type="INSTRUCTION" missed="25" covered="0"/><counter type="BRANCH" missed="6" covered="0"/><counter type="LINE" missed="5" covered="0"/><counter type="COMPLEXITY" missed="4" covered="0"/><counter type="METHOD" missed="1" covered="0"/></method><method name="KingGenerate_moves" desc="(LMainFrame/ChessFrame/players/Player2;)Z" line="843"><counter type="INSTRUCTION" missed="334" covered="293"/><counter type="BRANCH" missed="72" covered="32"/><counter type="LINE" missed="86" covered="67"/><counter type="COMPLEXITY" missed="51" covered="2"/><counter type="METHOD" missed="0" covered="1"/></method><method name="CastleGenerate_moves" desc="(LMainFrame/ChessFrame/players/Player2;LMainFrame/ChessFrame/players/Pieces/Rook;)Z" line="1087"><counter type="INSTRUCTION" missed="213" covered="0"/><counter type="BRANCH" missed="36" covered="0"/><counter type="LINE" missed="58" covered="0"/><counter type="COMPLEXITY" missed="19" covered="0"/><counter type="METHOD" missed="1" covered="0"/></method><method name="ElephentGenerate_moves" desc="(LMainFrame/ChessFrame/players/Player2;LMainFrame/ChessFrame/players/Pieces/Bishop;)Z" line="1184"><counter type="INSTRUCTION" missed="206" covered="0"/><counter type="BRANCH" missed="40" covered="0"/><counter type="LINE" missed="53" covered="0"/><counter type="COMPLEXITY" missed="21" covered="0"/><counter type="METHOD" missed="1" covered="0"/></method><method name="HosreGenerate_moves" desc="(LMainFrame/ChessFrame/players/Player2;LMainFrame/ChessFrame/players/Pieces/Knight;)Z" line="1273"><counter type="INSTRUCTION" missed="622" covered="0"/><counter type="BRANCH" missed="116" covered="0"/><counter type="LINE" missed="148" covered="0"/><counter type="COMPLEXITY" missed="59" covered="0"/><counter type="METHOD" missed="1" covered="0"/></method><method name="QueenGenerate_moves" desc="(LMainFrame/ChessFrame/players/Player2;)Z" line="1504"><counter type="INSTRUCTION" missed="373" covered="0"/><counter type="BRANCH" missed="70" covered="0"/><counter type="LINE" missed="93" covered="0"/><counter type="COMPLEXITY" missed="36" covered="0"/><counter type="METHOD" missed="1" covered="0"/></method><method name="SoliderGenerate_moves" desc="(LMainFrame/ChessFrame/players/Player2;LMainFrame/ChessFrame/players/Pieces/Pawn;)Z" line="1658"><counter type="INSTRUCTION" missed="233" covered="0"/><counter type="BRANCH" missed="34" covered="0"/><counter type="LINE" missed="41" covered="0"/><counter type="COMPLEXITY" missed="18" covered="0"/><counter type="METHOD" missed="1" covered="0"/></method><method name="Check_The_Way_to_Postion" desc="(LMainFrame/ChessFrame/players/Player2;Ljava/awt/Point;)Z" line="1732"><counter type="INSTRUCTION" missed="42" covered="0"/><counter type="BRANCH" missed="8" covered="0"/><counter type="LINE" missed="9" covered="0"/><counter type="COMPLEXITY" missed="5" covered="0"/><counter type="METHOD" missed="1" covered="0"/></method><method name="kill_to_protect_king" desc="(LMainFrame/ChessFrame/players/Player2;Ljava/awt/Point;)Z" line="1754"><counter type="INSTRUCTION" missed="9" covered="26"/><counter type="BRANCH" missed="1" covered="5"/><counter type="LINE" missed="3" covered="4"/><counter type="COMPLEXITY" missed="1" covered="3"/><counter type="METHOD" missed="0" covered="1"/></method><method name="Tell_me_About_last_move" desc="()Ljava/lang/String;" line="1769"><counter type="INSTRUCTION" missed="24" covered="61"/><counter type="BRANCH" missed="5" covered="12"/><counter type="LINE" missed="5" covered="13"/><counter type="COMPLEXITY" missed="5" covered="12"/><counter type="METHOD" missed="0" covered="1"/></method><counter type="INSTRUCTION" missed="2724" covered="1647"/><counter type="BRANCH" missed="487" covered="209"/><counter type="LINE" missed="635" covered="320"/><counter type="COMPLEXITY" missed="310" covered="168"/><counter type="METHOD" missed="13" covered="22"/><counter type="CLASS" missed="0" covered="1"/></class><sourcefile name="Player1.java"><line nr="86" mi="0" ci="4" mb="0" cb="0"/><line nr="88" mi="0" ci="3" mb="0" cb="0"/><line nr="89" mi="0" ci="3" mb="0" cb="0"/><line nr="91" mi="0" ci="3" mb="0" cb="0"/><line nr="95" mi="0" ci="2" mb="0" cb="0"/><line nr="96" mi="0" ci="6" mb="0" cb="0"/><line nr="97" mi="0" ci="25" mb="0" cb="0"/><line nr="98" mi="0" ci="25" mb="0" cb="0"/><line nr="99" mi="0" ci="25" mb="0" cb="0"/><line nr="100" mi="0" ci="25" mb="0" cb="0"/><line nr="101" mi="0" ci="25" mb="0" cb="0"/><line nr="102" mi="0" ci="25" mb="0" cb="0"/><line nr="103" mi="0" ci="25" mb="0" cb="0"/><line nr="104" mi="0" ci="25" mb="0" cb="0"/><line nr="105" mi="0" ci="2" mb="0" cb="0"/><line nr="106" mi="0" ci="8" mb="0" cb="2"/><line nr="107" mi="0" ci="27" mb="0" cb="0"/><line nr="109" mi="0" ci="1" mb="0" cb="0"/><line nr="113" mi="0" ci="2" mb="0" cb="17"/><line nr="116" mi="0" ci="4" mb="0" cb="0"/><line nr="118" mi="0" ci="4" mb="0" cb="0"/><line nr="120" mi="0" ci="4" mb="0" cb="0"/><line nr="122" mi="0" ci="4" mb="0" cb="0"/><line nr="124" mi="0" ci="4" mb="0" cb="0"/><line nr="126" mi="0" ci="4" mb="0" cb="0"/><line nr="128" mi="0" ci="4" mb="0" cb="0"/><line nr="130" mi="0" ci="4" mb="0" cb="0"/><line nr="132" mi="0" ci="6" mb="0" cb="0"/><line nr="134" mi="0" ci="6" mb="0" cb="0"/><line nr="136" mi="0" ci="6" mb="0" cb="0"/><line nr="138" mi="0" ci="6" mb="0" cb="0"/><line nr="140" mi="0" ci="6" mb="0" cb="0"/><line nr="142" mi="0" ci="6" mb="0" cb="0"/><line nr="144" mi="0" ci="6" mb="0" cb="0"/><line nr="146" mi="0" ci="6" mb="0" cb="0"/><line nr="148" mi="0" ci="6" mb="0" cb="0"/><line nr="153" mi="0" ci="2" mb="5" cb="12"/><line nr="156" mi="0" ci="4" mb="0" cb="0"/><line nr="158" mi="4" ci="0" mb="0" cb="0"/><line nr="160" mi="0" ci="4" mb="0" cb="0"/><line nr="162" mi="0" ci="4" mb="0" cb="0"/><line nr="164" mi="0" ci="4" mb="0" cb="0"/><line nr="166" mi="0" ci="4" mb="0" cb="0"/><line nr="168" mi="0" ci="4" mb="0" cb="0"/><line nr="170" mi="0" ci="4" mb="0" cb="0"/><line nr="172" mi="6" ci="0" mb="0" cb="0"/><line nr="174" mi="6" ci="0" mb="0" cb="0"/><line nr="176" mi="0" ci="6" mb="0" cb="0"/><line nr="178" mi="0" ci="6" mb="0" cb="0"/><line nr="180" mi="0" ci="6" mb="0" cb="0"/><line nr="182" mi="6" ci="0" mb="0" cb="0"/><line nr="184" mi="0" ci="6" mb="0" cb="0"/><line nr="186" mi="0" ci="6" mb="0" cb="0"/><line nr="188" mi="6" ci="0" mb="0" cb="0"/><line nr="193" mi="0" ci="2" mb="1" cb="16"/><line nr="196" mi="0" ci="4" mb="0" cb="0"/><line nr="199" mi="0" ci="4" mb="0" cb="0"/><line nr="202" mi="0" ci="4" mb="0" cb="0"/><line nr="205" mi="0" ci="4" mb="0" cb="0"/><line nr="208" mi="0" ci="4" mb="0" cb="0"/><line nr="210" mi="0" ci="4" mb="0" cb="0"/><line nr="212" mi="0" ci="4" mb="0" cb="0"/><line nr="214" mi="0" ci="4" mb="0" cb="0"/><line nr="216" mi="0" ci="6" mb="0" cb="0"/><line nr="218" mi="0" ci="6" mb="0" cb="0"/><line nr="220" mi="0" ci="6" mb="0" cb="0"/><line nr="222" mi="0" ci="6" mb="0" cb="0"/><line nr="224" mi="0" ci="6" mb="0" cb="0"/><line nr="226" mi="0" ci="6" mb="0" cb="0"/><line nr="228" mi="0" ci="6" mb="0" cb="0"/><line nr="230" mi="0" ci="6" mb="0" cb="0"/><line nr="232" mi="2" ci="0" mb="0" cb="0"/><line nr="236" mi="0" ci="2" mb="2" cb="15"/><line nr="239" mi="0" ci="4" mb="0" cb="0"/><line nr="240" mi="0" ci="1" mb="0" cb="0"/><line nr="242" mi="0" ci="4" mb="0" cb="0"/><line nr="243" mi="0" ci="1" mb="0" cb="0"/><line nr="245" mi="0" ci="4" mb="0" cb="0"/><line nr="246" mi="0" ci="1" mb="0" cb="0"/><line nr="248" mi="0" ci="4" mb="0" cb="0"/><line nr="249" mi="0" ci="1" mb="0" cb="0"/><line nr="251" mi="0" ci="4" mb="0" cb="0"/><line nr="252" mi="0" ci="1" mb="0" cb="0"/><line nr="254" mi="0" ci="4" mb="0" cb="0"/><line nr="255" mi="0" ci="1" mb="0" cb="0"/><line nr="257" mi="0" ci="4" mb="0" cb="0"/><line nr="258" mi="0" ci="1" mb="0" cb="0"/><line nr="260" mi="0" ci="4" mb="0" cb="0"/><line nr="261" mi="0" ci="1" mb="0" cb="0"/><line nr="263" mi="0" ci="6" mb="0" cb="0"/><line nr="264" mi="0" ci="1" mb="0" cb="0"/><line nr="266" mi="6" ci="0" mb="0" cb="0"/><line nr="267" mi="1" ci="0" mb="0" cb="0"/><line nr="269" mi="0" ci="6" mb="0" cb="0"/><line nr="270" mi="0" ci="1" mb="0" cb="0"/><line nr="272" mi="0" ci="6" mb="0" cb="0"/><line nr="273" mi="0" ci="1" mb="0" cb="0"/><line nr="275" mi="0" ci="6" mb="0" cb="0"/><line nr="276" mi="0" ci="1" mb="0" cb="0"/><line nr="278" mi="0" ci="6" mb="0" cb="0"/><line nr="279" mi="0" ci="1" mb="0" cb="0"/><line nr="281" mi="0" ci="6" mb="0" cb="0"/><line nr="282" mi="0" ci="1" mb="0" cb="0"/><line nr="284" mi="0" ci="6" mb="0" cb="0"/><line nr="288" mi="0" ci="1" mb="0" cb="0"/><line nr="291" mi="2" ci="0" mb="17" cb="0"/><line nr="294" mi="4" ci="0" mb="0" cb="0"/><line nr="295" mi="1" ci="0" mb="0" cb="0"/><line nr="297" mi="4" ci="0" mb="0" cb="0"/><line nr="298" mi="1" ci="0" mb="0" cb="0"/><line nr="300" mi="4" ci="0" mb="0" cb="0"/><line nr="301" mi="1" ci="0" mb="0" cb="0"/><line nr="303" mi="4" ci="0" mb="0" cb="0"/><line nr="304" mi="1" ci="0" mb="0" cb="0"/><line nr="306" mi="4" ci="0" mb="0" cb="0"/><line nr="307" mi="1" ci="0" mb="0" cb="0"/><line nr="309" mi="4" ci="0" mb="0" cb="0"/><line nr="310" mi="1" ci="0" mb="0" cb="0"/><line nr="312" mi="4" ci="0" mb="0" cb="0"/><line nr="313" mi="1" ci="0" mb="0" cb="0"/><line nr="315" mi="4" ci="0" mb="0" cb="0"/><line nr="316" mi="1" ci="0" mb="0" cb="0"/><line nr="318" mi="6" ci="0" mb="0" cb="0"/><line nr="319" mi="1" ci="0" mb="0" cb="0"/><line nr="321" mi="6" ci="0" mb="0" cb="0"/><line nr="322" mi="1" ci="0" mb="0" cb="0"/><line nr="324" mi="6" ci="0" mb="0" cb="0"/><line nr="325" mi="1" ci="0" mb="0" cb="0"/><line nr="327" mi="6" ci="0" mb="0" cb="0"/><line nr="328" mi="1" ci="0" mb="0" cb="0"/><line nr="330" mi="6" ci="0" mb="0" cb="0"/><line nr="331" mi="1" ci="0" mb="0" cb="0"/><line nr="333" mi="6" ci="0" mb="0" cb="0"/><line nr="334" mi="1" ci="0" mb="0" cb="0"/><line nr="336" mi="6" ci="0" mb="0" cb="0"/><line nr="337" mi="1" ci="0" mb="0" cb="0"/><line nr="339" mi="6" ci="0" mb="0" cb="0"/><line nr="342" mi="1" ci="0" mb="0" cb="0"/><line nr="345" mi="0" ci="3" mb="0" cb="0"/><line nr="346" mi="0" ci="3" mb="5" cb="12"/><line nr="349" mi="0" ci="5" mb="0" cb="0"/><line nr="350" mi="0" ci="1" mb="0" cb="0"/><line nr="352" mi="5" ci="0" mb="0" cb="0"/><line nr="353" mi="1" ci="0" mb="0" cb="0"/><line nr="355" mi="0" ci="5" mb="0" cb="0"/><line nr="356" mi="0" ci="1" mb="0" cb="0"/><line nr="358" mi="0" ci="5" mb="0" cb="0"/><line nr="359" mi="0" ci="1" mb="0" cb="0"/><line nr="361" mi="0" ci="5" mb="0" cb="0"/><line nr="362" mi="0" ci="1" mb="0" cb="0"/><line nr="364" mi="0" ci="5" mb="0" cb="0"/><line nr="365" mi="0" ci="1" mb="0" cb="0"/><line nr="367" mi="0" ci="5" mb="0" cb="0"/><line nr="368" mi="0" ci="1" mb="0" cb="0"/><line nr="370" mi="0" ci="5" mb="0" cb="0"/><line nr="371" mi="0" ci="1" mb="0" cb="0"/><line nr="373" mi="7" ci="0" mb="0" cb="0"/><line nr="374" mi="1" ci="0" mb="0" cb="0"/><line nr="376" mi="7" ci="0" mb="0" cb="0"/><line nr="377" mi="1" ci="0" mb="0" cb="0"/><line nr="379" mi="0" ci="7" mb="0" cb="0"/><line nr="380" mi="0" ci="1" mb="0" cb="0"/><line nr="382" mi="0" ci="7" mb="0" cb="0"/><line nr="383" mi="0" ci="1" mb="0" cb="0"/><line nr="385" mi="0" ci="7" mb="0" cb="0"/><line nr="386" mi="0" ci="1" mb="0" cb="0"/><line nr="388" mi="7" ci="0" mb="0" cb="0"/><line nr="389" mi="1" ci="0" mb="0" cb="0"/><line nr="391" mi="0" ci="7" mb="0" cb="0"/><line nr="392" mi="0" ci="1" mb="0" cb="0"/><line nr="394" mi="0" ci="7" mb="0" cb="0"/><line nr="397" mi="0" ci="1" mb="0" cb="0"/><line nr="400" mi="0" ci="3" mb="0" cb="0"/><line nr="401" mi="0" ci="3" mb="5" cb="12"/><line nr="404" mi="0" ci="4" mb="0" cb="0"/><line nr="406" mi="4" ci="0" mb="0" cb="0"/><line nr="408" mi="0" ci="4" mb="0" cb="0"/><line nr="410" mi="0" ci="4" mb="0" cb="0"/><line nr="412" mi="0" ci="4" mb="0" cb="0"/><line nr="414" mi="0" ci="4" mb="0" cb="0"/><line nr="416" mi="0" ci="4" mb="0" cb="0"/><line nr="418" mi="0" ci="4" mb="0" cb="0"/><line nr="420" mi="6" ci="0" mb="0" cb="0"/><line nr="422" mi="6" ci="0" mb="0" cb="0"/><line nr="424" mi="0" ci="6" mb="0" cb="0"/><line nr="426" mi="0" ci="6" mb="0" cb="0"/><line nr="428" mi="0" ci="6" mb="0" cb="0"/><line nr="430" mi="6" ci="0" mb="0" cb="0"/><line nr="432" mi="0" ci="6" mb="0" cb="0"/><line nr="434" mi="0" ci="6" mb="0" cb="0"/><line nr="436" mi="2" ci="0" mb="0" cb="0"/><line nr="440" mi="0" ci="3" mb="0" cb="0"/><line nr="441" mi="0" ci="3" mb="4" cb="13"/><line nr="444" mi="0" ci="8" mb="0" cb="0"/><line nr="446" mi="0" ci="8" mb="0" cb="0"/><line nr="448" mi="0" ci="8" mb="0" cb="0"/><line nr="450" mi="0" ci="8" mb="0" cb="0"/><line nr="452" mi="0" ci="8" mb="0" cb="0"/><line nr="454" mi="0" ci="8" mb="0" cb="0"/><line nr="456" mi="0" ci="8" mb="0" cb="0"/><line nr="458" mi="0" ci="8" mb="0" cb="0"/><line nr="460" mi="12" ci="0" mb="0" cb="0"/><line nr="462" mi="12" ci="0" mb="0" cb="0"/><line nr="464" mi="0" ci="12" mb="0" cb="0"/><line nr="466" mi="0" ci="12" mb="0" cb="0"/><line nr="468" mi="0" ci="12" mb="0" cb="0"/><line nr="470" mi="12" ci="0" mb="0" cb="0"/><line nr="472" mi="0" ci="12" mb="0" cb="0"/><line nr="474" mi="0" ci="12" mb="0" cb="0"/><line nr="476" mi="2" ci="0" mb="0" cb="0"/><line nr="480" mi="0" ci="2" mb="1" cb="8"/><line nr="482" mi="0" ci="8" mb="0" cb="0"/><line nr="484" mi="0" ci="8" mb="0" cb="0"/><line nr="486" mi="0" ci="8" mb="0" cb="0"/><line nr="488" mi="0" ci="8" mb="0" cb="0"/><line nr="490" mi="0" ci="8" mb="0" cb="0"/><line nr="492" mi="0" ci="8" mb="0" cb="0"/><line nr="494" mi="0" ci="8" mb="0" cb="0"/><line nr="496" mi="0" ci="8" mb="0" cb="0"/><line nr="498" mi="2" ci="0" mb="0" cb="0"/><line nr="502" mi="0" ci="2" mb="8" cb="1"/><line nr="504" mi="6" ci="0" mb="0" cb="0"/><line nr="506" mi="6" ci="0" mb="0" cb="0"/><line nr="508" mi="6" ci="0" mb="0" cb="0"/><line nr="510" mi="0" ci="6" mb="0" cb="0"/><line nr="512" mi="6" ci="0" mb="0" cb="0"/><line nr="514" mi="6" ci="0" mb="0" cb="0"/><line nr="516" mi="6" ci="0" mb="0" cb="0"/><line nr="518" mi="6" ci="0" mb="0" cb="0"/><line nr="520" mi="2" ci="0" mb="0" cb="0"/><line nr="524" mi="0" ci="2" mb="4" cb="10"/><line nr="527" mi="0" ci="9" mb="0" cb="0"/><line nr="529" mi="9" ci="0" mb="0" cb="0"/><line nr="531" mi="0" ci="9" mb="0" cb="0"/><line nr="533" mi="0" ci="9" mb="0" cb="0"/><line nr="535" mi="0" ci="9" mb="0" cb="0"/><line nr="537" mi="13" ci="0" mb="0" cb="0"/><line nr="539" mi="13" ci="0" mb="0" cb="0"/><line nr="541" mi="0" ci="13" mb="0" cb="0"/><line nr="543" mi="0" ci="13" mb="0" cb="0"/><line nr="545" mi="0" ci="13" mb="0" cb="0"/><line nr="547" mi="13" ci="0" mb="0" cb="0"/><line nr="549" mi="0" ci="13" mb="0" cb="0"/><line nr="551" mi="0" ci="13" mb="0" cb="0"/><line nr="554" mi="0" ci="2" mb="0" cb="0"/><line nr="558" mi="0" ci="6" mb="0" cb="0"/><line nr="559" mi="0" ci="2" mb="4" cb="13"/><line nr="562" mi="0" ci="4" mb="0" cb="0"/><line nr="563" mi="0" ci="2" mb="0" cb="0"/><line nr="565" mi="0" ci="4" mb="0" cb="0"/><line nr="566" mi="0" ci="2" mb="0" cb="0"/><line nr="568" mi="4" ci="0" mb="0" cb="0"/><line nr="569" mi="2" ci="0" mb="0" cb="0"/><line nr="571" mi="0" ci="4" mb="0" cb="0"/><line nr="572" mi="0" ci="2" mb="0" cb="0"/><line nr="574" mi="0" ci="4" mb="0" cb="0"/><line nr="575" mi="0" ci="2" mb="0" cb="0"/><line nr="577" mi="4" ci="0" mb="0" cb="0"/><line nr="578" mi="2" ci="0" mb="0" cb="0"/><line nr="580" mi="0" ci="4" mb="0" cb="0"/><line nr="581" mi="0" ci="2" mb="0" cb="0"/><line nr="583" mi="2" ci="0" mb="0" cb="0"/><line nr="585" mi="0" ci="6" mb="0" cb="0"/><line nr="586" mi="0" ci="2" mb="0" cb="0"/><line nr="588" mi="0" ci="6" mb="0" cb="0"/><line nr="589" mi="0" ci="2" mb="0" cb="0"/><line nr="591" mi="0" ci="6" mb="0" cb="0"/><line nr="592" mi="0" ci="2" mb="0" cb="0"/><line nr="594" mi="0" ci="6" mb="0" cb="0"/><line nr="595" mi="0" ci="2" mb="0" cb="0"/><line nr="597" mi="0" ci="6" mb="0" cb="0"/><line nr="598" mi="0" ci="2" mb="0" cb="0"/><line nr="600" mi="0" ci="6" mb="0" cb="0"/><line nr="601" mi="0" ci="2" mb="0" cb="0"/><line nr="603" mi="0" ci="6" mb="0" cb="0"/><line nr="604" mi="0" ci="2" mb="0" cb="0"/><line nr="606" mi="0" ci="6" mb="0" cb="0"/><line nr="607" mi="0" ci="2" mb="0" cb="0"/><line nr="610" mi="2" ci="0" mb="0" cb="0"/><line nr="614" mi="2" ci="0" mb="16" cb="0"/><line nr="617" mi="9" ci="0" mb="0" cb="0"/><line nr="619" mi="9" ci="0" mb="0" cb="0"/><line nr="621" mi="8" ci="0" mb="0" cb="0"/><line nr="623" mi="8" ci="0" mb="0" cb="0"/><line nr="625" mi="9" ci="0" mb="0" cb="0"/><line nr="627" mi="9" ci="0" mb="0" cb="0"/><line nr="629" mi="9" ci="0" mb="0" cb="0"/><line nr="632" mi="12" ci="0" mb="0" cb="0"/><line nr="634" mi="12" ci="0" mb="0" cb="0"/><line nr="636" mi="12" ci="0" mb="0" cb="0"/><line nr="638" mi="12" ci="0" mb="0" cb="0"/><line nr="640" mi="12" ci="0" mb="0" cb="0"/><line nr="642" mi="12" ci="0" mb="0" cb="0"/><line nr="644" mi="12" ci="0" mb="0" cb="0"/><line nr="646" mi="12" ci="0" mb="0" cb="0"/><line nr="648" mi="2" ci="0" mb="0" cb="0"/><line nr="652" mi="3" ci="0" mb="0" cb="0"/><line nr="656" mi="0" ci="3" mb="0" cb="0"/><line nr="657" mi="0" ci="1" mb="0" cb="0"/><line nr="660" mi="0" ci="3" mb="0" cb="0"/><line nr="664" mi="2" ci="0" mb="0" cb="0"/><line nr="668" mi="0" ci="3" mb="0" cb="0"/><line nr="669" mi="0" ci="1" mb="0" cb="0"/><line nr="673" mi="0" ci="3" mb="0" cb="0"/><line nr="677" mi="2" ci="0" mb="0" cb="0"/><line nr="678" mi="2" ci="0" mb="0" cb="0"/><line nr="680" mi="2" ci="0" mb="0" cb="0"/><line nr="685" mi="0" ci="4" mb="1" cb="1"/><line nr="687" mi="0" ci="3" mb="0" cb="0"/><line nr="688" mi="0" ci="2" mb="0" cb="0"/><line nr="689" mi="6" ci="0" mb="2" cb="0"/><line nr="691" mi="3" ci="0" mb="0" cb="0"/><line nr="692" mi="2" ci="0" mb="0" cb="0"/><line nr="693" mi="6" ci="0" mb="2" cb="0"/><line nr="695" mi="3" ci="0" mb="0" cb="0"/><line nr="696" mi="2" ci="0" mb="0" cb="0"/><line nr="697" mi="6" ci="0" mb="2" cb="0"/><line nr="699" mi="3" ci="0" mb="0" cb="0"/><line nr="700" mi="2" ci="0" mb="0" cb="0"/><line nr="701" mi="6" ci="0" mb="2" cb="0"/><line nr="703" mi="3" ci="0" mb="0" cb="0"/><line nr="704" mi="2" ci="0" mb="0" cb="0"/><line nr="705" mi="6" ci="0" mb="2" cb="0"/><line nr="707" mi="3" ci="0" mb="0" cb="0"/><line nr="708" mi="2" ci="0" mb="0" cb="0"/><line nr="709" mi="6" ci="0" mb="2" cb="0"/><line nr="711" mi="3" ci="0" mb="0" cb="0"/><line nr="712" mi="2" ci="0" mb="0" cb="0"/><line nr="713" mi="4" ci="0" mb="2" cb="0"/><line nr="715" mi="3" ci="0" mb="0" cb="0"/><line nr="716" mi="2" ci="0" mb="0" cb="0"/><line nr="719" mi="7" ci="0" mb="2" cb="0"/><line nr="720" mi="5" ci="0" mb="0" cb="0"/><line nr="721" mi="8" ci="0" mb="2" cb="0"/><line nr="723" mi="3" ci="0" mb="0" cb="0"/><line nr="724" mi="3" ci="0" mb="0" cb="0"/><line nr="725" mi="2" ci="0" mb="0" cb="0"/><line nr="729" mi="3" ci="0" mb="0" cb="0"/><line nr="730" mi="2" ci="0" mb="0" cb="0"/><line nr="736" mi="0" ci="4" mb="0" cb="0"/><line nr="737" mi="0" ci="2" mb="0" cb="0"/><line nr="740" mi="0" ci="7" mb="1" cb="1"/><line nr="741" mi="0" ci="3" mb="0" cb="2"/><line nr="742" mi="0" ci="5" mb="0" cb="2"/><line nr="744" mi="0" ci="2" mb="0" cb="0"/><line nr="745" mi="0" ci="7" mb="0" cb="2"/><line nr="747" mi="0" ci="3" mb="0" cb="2"/><line nr="749" mi="0" ci="8" mb="0" cb="2"/><line nr="752" mi="0" ci="3" mb="0" cb="0"/><line nr="757" mi="0" ci="3" mb="0" cb="2"/><line nr="758" mi="0" ci="8" mb="0" cb="2"/><line nr="760" mi="0" ci="2" mb="0" cb="0"/><line nr="770" mi="0" ci="2" mb="0" cb="2"/><line nr="772" mi="0" ci="1" mb="0" cb="0"/><line nr="778" mi="0" ci="5" mb="1" cb="1"/><line nr="780" mi="1" ci="0" mb="0" cb="0"/><line nr="785" mi="0" ci="3" mb="0" cb="2"/><line nr="787" mi="0" ci="2" mb="0" cb="0"/><line nr="791" mi="0" ci="2" mb="0" cb="0"/><line nr="796" mi="0" ci="7" mb="0" cb="2"/><line nr="797" mi="0" ci="4" mb="0" cb="2"/><line nr="802" mi="0" ci="4" mb="0" cb="0"/><line nr="803" mi="0" ci="10" mb="0" cb="4"/><line nr="805" mi="0" ci="2" mb="0" cb="0"/><line nr="811" mi="0" ci="2" mb="0" cb="0"/><line nr="816" mi="7" ci="0" mb="2" cb="0"/><line nr="817" mi="4" ci="0" mb="0" cb="0"/><line nr="818" mi="10" ci="0" mb="4" cb="0"/><line nr="820" mi="2" ci="0" mb="0" cb="0"/><line nr="825" mi="2" ci="0" mb="0" cb="0"/><line nr="830" mi="7" ci="0" mb="2" cb="0"/><line nr="831" mi="4" ci="0" mb="0" cb="0"/><line nr="832" mi="10" ci="0" mb="4" cb="0"/><line nr="834" mi="2" ci="0" mb="0" cb="0"/><line nr="839" mi="2" ci="0" mb="0" cb="0"/><line nr="843" mi="0" ci="2" mb="0" cb="0"/><line nr="844" mi="0" ci="4" mb="0" cb="0"/><line nr="846" mi="0" ci="4" mb="0" cb="0"/><line nr="847" mi="0" ci="3" mb="0" cb="0"/><line nr="849" mi="0" ci="4" mb="0" cb="0"/><line nr="850" mi="0" ci="4" mb="0" cb="0"/><line nr="851" mi="0" ci="3" mb="0" cb="0"/><line nr="852" mi="0" ci="3" mb="0" cb="0"/><line nr="854" mi="0" ci="5" mb="1" cb="1"/><line nr="856" mi="0" ci="6" mb="0" cb="0"/><line nr="857" mi="0" ci="4" mb="0" cb="0"/><line nr="858" mi="0" ci="5" mb="0" cb="0"/><line nr="859" mi="0" ci="3" mb="0" cb="0"/><line nr="861" mi="0" ci="8" mb="1" cb="1"/><line nr="862" mi="2" ci="0" mb="0" cb="0"/><line nr="864" mi="0" ci="4" mb="0" cb="2"/><line nr="865" mi="0" ci="4" mb="1" cb="1"/><line nr="867" mi="0" ci="4" mb="0" cb="0"/><line nr="868" mi="0" ci="2" mb="1" cb="1"/><line nr="869" mi="6" ci="0" mb="0" cb="0"/><line nr="870" mi="2" ci="0" mb="0" cb="0"/><line nr="872" mi="0" ci="2" mb="0" cb="0"/><line nr="877" mi="0" ci="4" mb="0" cb="0"/><line nr="878" mi="0" ci="2" mb="1" cb="1"/><line nr="879" mi="6" ci="0" mb="0" cb="0"/><line nr="880" mi="2" ci="0" mb="0" cb="0"/><line nr="882" mi="0" ci="5" mb="1" cb="1"/><line nr="884" mi="4" ci="0" mb="0" cb="0"/><line nr="885" mi="6" ci="0" mb="0" cb="0"/><line nr="886" mi="3" ci="0" mb="0" cb="0"/><line nr="887" mi="5" ci="0" mb="0" cb="0"/><line nr="888" mi="8" ci="0" mb="2" cb="0"/><line nr="889" mi="2" ci="0" mb="0" cb="0"/><line nr="891" mi="4" ci="0" mb="2" cb="0"/><line nr="892" mi="4" ci="0" mb="2" cb="0"/><line nr="894" mi="4" ci="0" mb="0" cb="0"/><line nr="895" mi="2" ci="0" mb="2" cb="0"/><line nr="896" mi="6" ci="0" mb="0" cb="0"/><line nr="897" mi="2" ci="0" mb="0" cb="0"/><line nr="899" mi="2" ci="0" mb="0" cb="0"/><line nr="905" mi="0" ci="4" mb="0" cb="0"/><line nr="906" mi="0" ci="2" mb="1" cb="1"/><line nr="907" mi="6" ci="0" mb="0" cb="0"/><line nr="908" mi="2" ci="0" mb="0" cb="0"/><line nr="911" mi="0" ci="4" mb="1" cb="1"/><line nr="913" mi="0" ci="4" mb="0" cb="0"/><line nr="914" mi="0" ci="6" mb="0" cb="0"/><line nr="916" mi="0" ci="3" mb="0" cb="0"/><line nr="917" mi="0" ci="5" mb="0" cb="0"/><line nr="919" mi="0" ci="8" mb="1" cb="1"/><line nr="920" mi="2" ci="0" mb="0" cb="0"/><line nr="923" mi="0" ci="4" mb="1" cb="1"/><line nr="924" mi="4" ci="0" mb="2" cb="0"/><line nr="926" mi="4" ci="0" mb="0" cb="0"/><line nr="927" mi="2" ci="0" mb="2" cb="0"/><line nr="928" mi="6" ci="0" mb="0" cb="0"/><line nr="929" mi="2" ci="0" mb="0" cb="0"/><line nr="932" mi="2" ci="0" mb="0" cb="0"/><line nr="937" mi="0" ci="4" mb="0" cb="0"/><line nr="938" mi="0" ci="2" mb="1" cb="1"/><line nr="939" mi="6" ci="0" mb="0" cb="0"/><line nr="940" mi="2" ci="0" mb="0" cb="0"/><line nr="942" mi="0" ci="4" mb="1" cb="1"/><line nr="944" mi="0" ci="6" mb="0" cb="0"/><line nr="945" mi="0" ci="4" mb="0" cb="0"/><line nr="947" mi="0" ci="5" mb="0" cb="0"/><line nr="948" mi="0" ci="3" mb="0" cb="0"/><line nr="949" mi="0" ci="8" mb="1" cb="1"/><line nr="950" mi="2" ci="0" mb="0" cb="0"/><line nr="952" mi="0" ci="4" mb="1" cb="1"/><line nr="953" mi="0" ci="4" mb="1" cb="1"/><line nr="954" mi="2" ci="0" mb="2" cb="0"/><line nr="955" mi="6" ci="0" mb="0" cb="0"/><line nr="956" mi="2" ci="0" mb="0" cb="0"/><line nr="958" mi="4" ci="0" mb="0" cb="0"/><line nr="959" mi="2" ci="0" mb="0" cb="0"/><line nr="964" mi="0" ci="4" mb="0" cb="0"/><line nr="965" mi="0" ci="2" mb="1" cb="1"/><line nr="966" mi="6" ci="0" mb="0" cb="0"/><line nr="967" mi="2" ci="0" mb="0" cb="0"/><line nr="969" mi="0" ci="8" mb="2" cb="2"/><line nr="971" mi="0" ci="6" mb="0" cb="0"/><line nr="972" mi="0" ci="6" mb="0" cb="0"/><line nr="974" mi="0" ci="5" mb="0" cb="0"/><line nr="975" mi="0" ci="5" mb="0" cb="0"/><line nr="977" mi="0" ci="8" mb="1" cb="1"/><line nr="978" mi="2" ci="0" mb="0" cb="0"/><line nr="980" mi="0" ci="4" mb="1" cb="1"/><line nr="981" mi="0" ci="4" mb="1" cb="1"/><line nr="983" mi="2" ci="0" mb="2" cb="0"/><line nr="984" mi="6" ci="0" mb="0" cb="0"/><line nr="985" mi="2" ci="0" mb="0" cb="0"/><line nr="987" mi="4" ci="0" mb="0" cb="0"/><line nr="988" mi="2" ci="0" mb="0" cb="0"/><line nr="993" mi="0" ci="4" mb="0" cb="0"/><line nr="994" mi="0" ci="2" mb="1" cb="1"/><line nr="995" mi="6" ci="0" mb="0" cb="0"/><line nr="996" mi="2" ci="0" mb="0" cb="0"/><line nr="998" mi="5" ci="5" mb="3" cb="1"/><line nr="1000" mi="6" ci="0" mb="0" cb="0"/><line nr="1001" mi="6" ci="0" mb="0" cb="0"/><line nr="1003" mi="5" ci="0" mb="0" cb="0"/><line nr="1004" mi="5" ci="0" mb="0" cb="0"/><line nr="1005" mi="8" ci="0" mb="2" cb="0"/><line nr="1006" mi="2" ci="0" mb="0" cb="0"/><line nr="1008" mi="4" ci="0" mb="2" cb="0"/><line nr="1009" mi="4" ci="0" mb="2" cb="0"/><line nr="1011" mi="2" ci="0" mb="2" cb="0"/><line nr="1012" mi="6" ci="0" mb="0" cb="0"/><line nr="1013" mi="2" ci="0" mb="0" cb="0"/><line nr="1015" mi="4" ci="0" mb="0" cb="0"/><line nr="1016" mi="2" ci="0" mb="0" cb="0"/><line nr="1021" mi="0" ci="4" mb="0" cb="0"/><line nr="1022" mi="0" ci="2" mb="1" cb="1"/><line nr="1023" mi="6" ci="0" mb="0" cb="0"/><line nr="1024" mi="2" ci="0" mb="0" cb="0"/><line nr="1026" mi="0" ci="9" mb="2" cb="2"/><line nr="1028" mi="0" ci="6" mb="0" cb="0"/><line nr="1029" mi="0" ci="6" mb="0" cb="0"/><line nr="1031" mi="0" ci="5" mb="0" cb="0"/><line nr="1032" mi="0" ci="5" mb="0" cb="0"/><line nr="1033" mi="0" ci="8" mb="1" cb="1"/><line nr="1034" mi="2" ci="0" mb="0" cb="0"/><line nr="1036" mi="0" ci="4" mb="1" cb="1"/><line nr="1037" mi="0" ci="4" mb="1" cb="1"/><line nr="1038" mi="0" ci="2" mb="1" cb="1"/><line nr="1039" mi="6" ci="0" mb="0" cb="0"/><line nr="1040" mi="2" ci="0" mb="0" cb="0"/><line nr="1042" mi="0" ci="4" mb="0" cb="0"/><line nr="1043" mi="0" ci="2" mb="0" cb="0"/><line nr="1048" mi="4" ci="0" mb="0" cb="0"/><line nr="1049" mi="2" ci="0" mb="2" cb="0"/><line nr="1050" mi="6" ci="0" mb="0" cb="0"/><line nr="1051" mi="2" ci="0" mb="0" cb="0"/><line nr="1053" mi="9" ci="0" mb="4" cb="0"/><line nr="1055" mi="6" ci="0" mb="0" cb="0"/><line nr="1056" mi="6" ci="0" mb="0" cb="0"/><line nr="1058" mi="5" ci="0" mb="0" cb="0"/><line nr="1059" mi="5" ci="0" mb="0" cb="0"/><line nr="1060" mi="8" ci="0" mb="2" cb="0"/><line nr="1061" mi="2" ci="0" mb="0" cb="0"/><line nr="1063" mi="4" ci="0" mb="2" cb="0"/><line nr="1064" mi="4" ci="0" mb="2" cb="0"/><line nr="1065" mi="2" ci="0" mb="2" cb="0"/><line nr="1066" mi="6" ci="0" mb="0" cb="0"/><line nr="1067" mi="2" ci="0" mb="0" cb="0"/><line nr="1069" mi="4" ci="0" mb="0" cb="0"/><line nr="1070" mi="2" ci="0" mb="0" cb="0"/><line nr="1076" mi="2" ci="0" mb="2" cb="0"/><line nr="1077" mi="6" ci="0" mb="0" cb="0"/><line nr="1078" mi="2" ci="0" mb="0" cb="0"/><line nr="1081" mi="4" ci="0" mb="0" cb="0"/><line nr="1082" mi="2" ci="0" mb="0" cb="0"/><line nr="1087" mi="2" ci="0" mb="0" cb="0"/><line nr="1088" mi="4" ci="0" mb="0" cb="0"/><line nr="1090" mi="4" ci="0" mb="0" cb="0"/><line nr="1091" mi="3" ci="0" mb="0" cb="0"/><line nr="1092" mi="3" ci="0" mb="0" cb="0"/><line nr="1094" mi="4" ci="0" mb="2" cb="0"/><line nr="1095" mi="4" ci="0" mb="0" cb="0"/><line nr="1097" mi="3" ci="0" mb="0" cb="0"/><line nr="1101" mi="3" ci="0" mb="0" cb="0"/><line nr="1102" mi="3" ci="0" mb="0" cb="0"/><line nr="1104" mi="3" ci="0" mb="0" cb="0"/><line nr="1106" mi="3" ci="0" mb="2" cb="0"/><line nr="1107" mi="7" ci="0" mb="2" cb="0"/><line nr="1108" mi="3" ci="0" mb="0" cb="0"/><line nr="1109" mi="3" ci="0" mb="0" cb="0"/><line nr="1111" mi="5" ci="0" mb="2" cb="0"/><line nr="1112" mi="8" ci="0" mb="2" cb="0"/><line nr="1113" mi="2" ci="0" mb="0" cb="0"/><line nr="1115" mi="4" ci="0" mb="2" cb="0"/><line nr="1116" mi="4" ci="0" mb="2" cb="0"/><line nr="1117" mi="4" ci="0" mb="0" cb="0"/><line nr="1118" mi="4" ci="0" mb="0" cb="0"/><line nr="1120" mi="2" ci="0" mb="2" cb="0"/><line nr="1121" mi="6" ci="0" mb="0" cb="0"/><line nr="1122" mi="2" ci="0" mb="0" cb="0"/><line nr="1124" mi="2" ci="0" mb="0" cb="0"/><line nr="1129" mi="2" ci="0" mb="2" cb="0"/><line nr="1130" mi="6" ci="0" mb="0" cb="0"/><line nr="1131" mi="2" ci="0" mb="0" cb="0"/><line nr="1135" mi="4" ci="0" mb="0" cb="0"/><line nr="1136" mi="4" ci="0" mb="0" cb="0"/><line nr="1138" mi="2" ci="0" mb="2" cb="0"/><line nr="1139" mi="6" ci="0" mb="0" cb="0"/><line nr="1140" mi="2" ci="0" mb="0" cb="0"/><line nr="1142" mi="7" ci="0" mb="2" cb="0"/><line nr="1143" mi="3" ci="0" mb="0" cb="0"/><line nr="1144" mi="3" ci="0" mb="0" cb="0"/><line nr="1145" mi="5" ci="0" mb="2" cb="0"/><line nr="1146" mi="8" ci="0" mb="2" cb="0"/><line nr="1147" mi="2" ci="0" mb="0" cb="0"/><line nr="1149" mi="4" ci="0" mb="2" cb="0"/><line nr="1150" mi="4" ci="0" mb="2" cb="0"/><line nr="1151" mi="4" ci="0" mb="0" cb="0"/><line nr="1152" mi="4" ci="0" mb="0" cb="0"/><line nr="1154" mi="2" ci="0" mb="2" cb="0"/><line nr="1155" mi="6" ci="0" mb="0" cb="0"/><line nr="1156" mi="2" ci="0" mb="0" cb="0"/><line nr="1158" mi="2" ci="0" mb="0" cb="0"/><line nr="1163" mi="2" ci="0" mb="2" cb="0"/><line nr="1164" mi="6" ci="0" mb="0" cb="0"/><line nr="1165" mi="2" ci="0" mb="0" cb="0"/><line nr="1169" mi="4" ci="0" mb="0" cb="0"/><line nr="1174" mi="2" ci="0" mb="2" cb="0"/><line nr="1175" mi="6" ci="0" mb="0" cb="0"/><line nr="1176" mi="2" ci="0" mb="0" cb="0"/><line nr="1178" mi="4" ci="0" mb="0" cb="0"/><line nr="1179" mi="4" ci="0" mb="0" cb="0"/><line nr="1180" mi="2" ci="0" mb="0" cb="0"/><line nr="1184" mi="2" ci="0" mb="0" cb="0"/><line nr="1185" mi="4" ci="0" mb="0" cb="0"/><line nr="1186" mi="4" ci="0" mb="0" cb="0"/><line nr="1188" mi="3" ci="0" mb="0" cb="0"/><line nr="1190" mi="4" ci="0" mb="2" cb="0"/><line nr="1191" mi="4" ci="0" mb="0" cb="0"/><line nr="1193" mi="3" ci="0" mb="0" cb="0"/><line nr="1196" mi="4" ci="0" mb="2" cb="0"/><line nr="1197" mi="15" ci="0" mb="4" cb="0"/><line nr="1199" mi="3" ci="0" mb="0" cb="0"/><line nr="1200" mi="3" ci="0" mb="0" cb="0"/><line nr="1201" mi="3" ci="0" mb="0" cb="0"/><line nr="1202" mi="3" ci="0" mb="0" cb="0"/><line nr="1203" mi="5" ci="0" mb="2" cb="0"/><line nr="1204" mi="8" ci="0" mb="2" cb="0"/><line nr="1205" mi="2" ci="0" mb="0" cb="0"/><line nr="1207" mi="4" ci="0" mb="2" cb="0"/><line nr="1208" mi="4" ci="0" mb="2" cb="0"/><line nr="1210" mi="2" ci="0" mb="2" cb="0"/><line nr="1211" mi="6" ci="0" mb="0" cb="0"/><line nr="1212" mi="2" ci="0" mb="0" cb="0"/><line nr="1214" mi="3" ci="0" mb="0" cb="0"/><line nr="1215" mi="2" ci="0" mb="0" cb="0"/><line nr="1220" mi="2" ci="0" mb="2" cb="0"/><line nr="1221" mi="6" ci="0" mb="0" cb="0"/><line nr="1222" mi="2" ci="0" mb="0" cb="0"/><line nr="1226" mi="2" ci="0" mb="2" cb="0"/><line nr="1227" mi="6" ci="0" mb="0" cb="0"/><line nr="1228" mi="2" ci="0" mb="0" cb="0"/><line nr="1230" mi="15" ci="0" mb="4" cb="0"/><line nr="1232" mi="3" ci="0" mb="0" cb="0"/><line nr="1233" mi="3" ci="0" mb="0" cb="0"/><line nr="1234" mi="3" ci="0" mb="0" cb="0"/><line nr="1235" mi="3" ci="0" mb="0" cb="0"/><line nr="1236" mi="5" ci="0" mb="2" cb="0"/><line nr="1237" mi="8" ci="0" mb="2" cb="0"/><line nr="1238" mi="2" ci="0" mb="0" cb="0"/><line nr="1240" mi="4" ci="0" mb="2" cb="0"/><line nr="1241" mi="4" ci="0" mb="2" cb="0"/><line nr="1242" mi="2" ci="0" mb="2" cb="0"/><line nr="1243" mi="6" ci="0" mb="0" cb="0"/><line nr="1244" mi="2" ci="0" mb="0" cb="0"/><line nr="1246" mi="3" ci="0" mb="0" cb="0"/><line nr="1247" mi="2" ci="0" mb="0" cb="0"/><line nr="1252" mi="2" ci="0" mb="2" cb="0"/><line nr="1253" mi="6" ci="0" mb="0" cb="0"/><line nr="1254" mi="2" ci="0" mb="0" cb="0"/><line nr="1258" mi="3" ci="0" mb="0" cb="0"/><line nr="1262" mi="3" ci="0" mb="0" cb="0"/><line nr="1264" mi="2" ci="0" mb="2" cb="0"/><line nr="1265" mi="6" ci="0" mb="0" cb="0"/><line nr="1266" mi="2" ci="0" mb="0" cb="0"/><line nr="1269" mi="2" ci="0" mb="0" cb="0"/><line nr="1273" mi="4" ci="0" mb="0" cb="0"/><line nr="1274" mi="2" ci="0" mb="0" cb="0"/><line nr="1275" mi="3" ci="0" mb="0" cb="0"/><line nr="1277" mi="4" ci="0" mb="0" cb="0"/><line nr="1279" mi="4" ci="0" mb="2" cb="0"/><line nr="1280" mi="4" ci="0" mb="0" cb="0"/><line nr="1282" mi="3" ci="0" mb="0" cb="0"/><line nr="1285" mi="3" ci="0" mb="0" cb="0"/><line nr="1286" mi="3" ci="0" mb="0" cb="0"/><line nr="1288" mi="3" ci="0" mb="2" cb="0"/><line nr="1290" mi="10" ci="0" mb="4" cb="0"/><line nr="1291" mi="5" ci="0" mb="0" cb="0"/><line nr="1292" mi="5" ci="0" mb="0" cb="0"/><line nr="1293" mi="5" ci="0" mb="0" cb="0"/><line nr="1294" mi="5" ci="0" mb="0" cb="0"/><line nr="1296" mi="8" ci="0" mb="2" cb="0"/><line nr="1297" mi="2" ci="0" mb="0" cb="0"/><line nr="1300" mi="4" ci="0" mb="2" cb="0"/><line nr="1301" mi="4" ci="0" mb="2" cb="0"/><line nr="1302" mi="3" ci="0" mb="0" cb="0"/><line nr="1304" mi="2" ci="0" mb="2" cb="0"/><line nr="1305" mi="6" ci="0" mb="0" cb="0"/><line nr="1306" mi="2" ci="0" mb="0" cb="0"/><line nr="1309" mi="2" ci="0" mb="0" cb="0"/><line nr="1313" mi="2" ci="0" mb="2" cb="0"/><line nr="1314" mi="6" ci="0" mb="0" cb="0"/><line nr="1315" mi="2" ci="0" mb="0" cb="0"/><line nr="1318" mi="10" ci="0" mb="4" cb="0"/><line nr="1319" mi="5" ci="0" mb="0" cb="0"/><line nr="1320" mi="5" ci="0" mb="0" cb="0"/><line nr="1321" mi="5" ci="0" mb="0" cb="0"/><line nr="1322" mi="5" ci="0" mb="0" cb="0"/><line nr="1323" mi="8" ci="0" mb="2" cb="0"/><line nr="1324" mi="2" ci="0" mb="0" cb="0"/><line nr="1327" mi="4" ci="0" mb="2" cb="0"/><line nr="1328" mi="4" ci="0" mb="2" cb="0"/><line nr="1329" mi="2" ci="0" mb="2" cb="0"/><line nr="1330" mi="6" ci="0" mb="0" cb="0"/><line nr="1331" mi="2" ci="0" mb="0" cb="0"/><line nr="1333" mi="3" ci="0" mb="0" cb="0"/><line nr="1334" mi="2" ci="0" mb="0" cb="0"/><line nr="1338" mi="2" ci="0" mb="2" cb="0"/><line nr="1339" mi="6" ci="0" mb="0" cb="0"/><line nr="1340" mi="2" ci="0" mb="0" cb="0"/><line nr="1343" mi="10" ci="0" mb="4" cb="0"/><line nr="1344" mi="5" ci="0" mb="0" cb="0"/><line nr="1345" mi="5" ci="0" mb="0" cb="0"/><line nr="1346" mi="5" ci="0" mb="0" cb="0"/><line nr="1347" mi="5" ci="0" mb="0" cb="0"/><line nr="1349" mi="8" ci="0" mb="2" cb="0"/><line nr="1350" mi="2" ci="0" mb="0" cb="0"/><line nr="1353" mi="4" ci="0" mb="2" cb="0"/><line nr="1354" mi="4" ci="0" mb="2" cb="0"/><line nr="1355" mi="2" ci="0" mb="2" cb="0"/><line nr="1356" mi="6" ci="0" mb="0" cb="0"/><line nr="1357" mi="2" ci="0" mb="0" cb="0"/><line nr="1359" mi="3" ci="0" mb="0" cb="0"/><line nr="1360" mi="2" ci="0" mb="0" cb="0"/><line nr="1365" mi="2" ci="0" mb="2" cb="0"/><line nr="1366" mi="6" ci="0" mb="0" cb="0"/><line nr="1367" mi="2" ci="0" mb="0" cb="0"/><line nr="1369" mi="10" ci="0" mb="4" cb="0"/><line nr="1370" mi="5" ci="0" mb="0" cb="0"/><line nr="1371" mi="5" ci="0" mb="0" cb="0"/><line nr="1372" mi="5" ci="0" mb="0" cb="0"/><line nr="1373" mi="5" ci="0" mb="0" cb="0"/><line nr="1374" mi="8" ci="0" mb="2" cb="0"/><line nr="1375" mi="2" ci="0" mb="0" cb="0"/><line nr="1378" mi="4" ci="0" mb="2" cb="0"/><line nr="1379" mi="4" ci="0" mb="2" cb="0"/><line nr="1380" mi="2" ci="0" mb="2" cb="0"/><line nr="1381" mi="6" ci="0" mb="0" cb="0"/><line nr="1382" mi="2" ci="0" mb="0" cb="0"/><line nr="1384" mi="3" ci="0" mb="0" cb="0"/><line nr="1385" mi="2" ci="0" mb="0" cb="0"/><line nr="1389" mi="2" ci="0" mb="2" cb="0"/><line nr="1390" mi="6" ci="0" mb="0" cb="0"/><line nr="1391" mi="2" ci="0" mb="0" cb="0"/><line nr="1394" mi="10" ci="0" mb="4" cb="0"/><line nr="1395" mi="5" ci="0" mb="0" cb="0"/><line nr="1396" mi="5" ci="0" mb="0" cb="0"/><line nr="1397" mi="5" ci="0" mb="0" cb="0"/><line nr="1398" mi="5" ci="0" mb="0" cb="0"/><line nr="1400" mi="8" ci="0" mb="2" cb="0"/><line nr="1401" mi="2" ci="0" mb="0" cb="0"/><line nr="1404" mi="4" ci="0" mb="2" cb="0"/><line nr="1405" mi="4" ci="0" mb="2" cb="0"/><line nr="1406" mi="2" ci="0" mb="2" cb="0"/><line nr="1407" mi="6" ci="0" mb="0" cb="0"/><line nr="1408" mi="2" ci="0" mb="0" cb="0"/><line nr="1410" mi="3" ci="0" mb="0" cb="0"/><line nr="1411" mi="2" ci="0" mb="0" cb="0"/><line nr="1415" mi="2" ci="0" mb="2" cb="0"/><line nr="1416" mi="6" ci="0" mb="0" cb="0"/><line nr="1417" mi="2" ci="0" mb="0" cb="0"/><line nr="1420" mi="10" ci="0" mb="4" cb="0"/><line nr="1421" mi="5" ci="0" mb="0" cb="0"/><line nr="1422" mi="5" ci="0" mb="0" cb="0"/><line nr="1423" mi="5" ci="0" mb="0" cb="0"/><line nr="1424" mi="5" ci="0" mb="0" cb="0"/><line nr="1425" mi="8" ci="0" mb="2" cb="0"/><line nr="1426" mi="2" ci="0" mb="0" cb="0"/><line nr="1429" mi="4" ci="0" mb="2" cb="0"/><line nr="1430" mi="4" ci="0" mb="2" cb="0"/><line nr="1431" mi="2" ci="0" mb="2" cb="0"/><line nr="1432" mi=
[...]
 ci="0" mb="2" cb="0"/><line nr="62" mi="1" ci="0" mb="0" cb="0"/><line nr="64" mi="8" ci="0" mb="4" cb="0"/><line nr="65" mi="2" ci="0" mb="0" cb="0"/><line nr="70" mi="9" ci="0" mb="2" cb="0"/><line nr="71" mi="8" ci="0" mb="4" cb="0"/><line nr="72" mi="8" ci="0" mb="4" cb="0"/><line nr="73" mi="1" ci="0" mb="0" cb="0"/><line nr="74" mi="1" ci="0" mb="0" cb="0"/><line nr="75" mi="8" ci="0" mb="4" cb="0"/><line nr="76" mi="2" ci="0" mb="0" cb="0"/><line nr="79" mi="8" ci="0" mb="4" cb="0"/><line nr="80" mi="8" ci="0" mb="4" cb="0"/><line nr="81" mi="1" ci="0" mb="0" cb="0"/><line nr="82" mi="1" ci="0" mb="0" cb="0"/><line nr="84" mi="8" ci="0" mb="4" cb="0"/><line nr="85" mi="2" ci="0" mb="0" cb="0"/><line nr="90" mi="9" ci="0" mb="2" cb="0"/><line nr="92" mi="8" ci="0" mb="4" cb="0"/><line nr="93" mi="8" ci="0" mb="4" cb="0"/><line nr="94" mi="1" ci="0" mb="0" cb="0"/><line nr="95" mi="1" ci="0" mb="0" cb="0"/><line nr="97" mi="8" ci="0" mb="4" cb="0"/><line nr="98" mi="2" ci="0" mb="0" cb="0"/><line nr="103" mi="8" ci="0" mb="4" cb="0"/><line nr="104" mi="8" ci="0" mb="4" cb="0"/><line nr="105" mi="1" ci="0" mb="0" cb="0"/><line nr="106" mi="1" ci="0" mb="0" cb="0"/><line nr="108" mi="8" ci="0" mb="4" cb="0"/><line nr="109" mi="2" ci="0" mb="0" cb="0"/><line nr="115" mi="2" ci="0" mb="0" cb="0"/><line nr="119" mi="4" ci="0" mb="0" cb="0"/><line nr="123" mi="0" ci="3" mb="0" cb="0"/><line nr="127" mi="10" ci="0" mb="4" cb="0"/><line nr="128" mi="2" ci="0" mb="0" cb="0"/><line nr="130" mi="2" ci="0" mb="0" cb="0"/><line nr="134" mi="0" ci="2" mb="0" cb="0"/><line nr="135" mi="0" ci="2" mb="0" cb="0"/><line nr="136" mi="0" ci="12" mb="0" cb="6"/><line nr="137" mi="0" ci="4" mb="0" cb="2"/><line nr="138" mi="0" ci="6" mb="0" cb="2"/><line nr="139" mi="0" ci="1" mb="0" cb="0"/><line nr="140" mi="0" ci="8" mb="0" cb="4"/><line nr="142" mi="0" ci="2" mb="0" cb="0"/><line nr="145" mi="0" ci="4" mb="1" cb="1"/><line nr="146" mi="0" ci="6" mb="0" cb="2"/><line nr="147" mi="0" ci="1" mb="0" cb="0"/><line nr="148" mi="0" ci="8" mb="1" cb="3"/><line nr="149" mi="2" ci="0" mb="0" cb="0"/><line nr="153" mi="0" ci="12" mb="0" cb="6"/><line nr="154" mi="0" ci="4" mb="0" cb="2"/><line nr="155" mi="0" ci="6" mb="0" cb="2"/><line nr="156" mi="0" ci="1" mb="0" cb="0"/><line nr="157" mi="0" ci="8" mb="0" cb="4"/><line nr="158" mi="0" ci="2" mb="0" cb="0"/><line nr="161" mi="0" ci="4" mb="1" cb="1"/><line nr="162" mi="0" ci="6" mb="0" cb="2"/><line nr="163" mi="0" ci="1" mb="0" cb="0"/><line nr="165" mi="0" ci="8" mb="1" cb="3"/><line nr="166" mi="2" ci="0" mb="0" cb="0"/><line nr="171" mi="0" ci="9" mb="0" cb="2"/><line nr="172" mi="4" ci="4" mb="3" cb="1"/><line nr="173" mi="12" ci="0" mb="4" cb="0"/><line nr="174" mi="1" ci="0" mb="0" cb="0"/><line nr="175" mi="1" ci="0" mb="0" cb="0"/><line nr="176" mi="8" ci="0" mb="4" cb="0"/><line nr="177" mi="2" ci="0" mb="0" cb="0"/><line nr="180" mi="0" ci="8" mb="1" cb="3"/><line nr="181" mi="6" ci="6" mb="3" cb="1"/><line nr="182" mi="1" ci="0" mb="0" cb="0"/><line nr="183" mi="1" ci="0" mb="0" cb="0"/><line nr="185" mi="8" ci="0" mb="4" cb="0"/><line nr="186" mi="2" ci="0" mb="0" cb="0"/><line nr="191" mi="0" ci="9" mb="1" cb="1"/><line nr="193" mi="0" ci="8" mb="1" cb="3"/><line nr="194" mi="6" ci="6" mb="3" cb="1"/><line nr="195" mi="1" ci="0" mb="0" cb="0"/><line nr="196" mi="1" ci="0" mb="0" cb="0"/><line nr="198" mi="8" ci="0" mb="4" cb="0"/><line nr="199" mi="2" ci="0" mb="0" cb="0"/><line nr="204" mi="0" ci="8" mb="2" cb="2"/><line nr="205" mi="0" ci="12" mb="1" cb="3"/><line nr="206" mi="0" ci="1" mb="0" cb="0"/><line nr="207" mi="0" ci="1" mb="0" cb="0"/><line nr="209" mi="0" ci="8" mb="1" cb="3"/><line nr="210" mi="2" ci="0" mb="0" cb="0"/><line nr="216" mi="0" ci="2" mb="0" cb="0"/><line nr="220" mi="0" ci="3" mb="0" cb="0"/><line nr="224" mi="0" ci="4" mb="0" cb="0"/><line nr="228" mi="0" ci="5" mb="0" cb="0"/><line nr="232" mi="3" ci="0" mb="0" cb="0"/><line nr="236" mi="3" ci="0" mb="0" cb="0"/><line nr="240" mi="0" ci="4" mb="0" cb="0"/><line nr="241" mi="0" ci="4" mb="0" cb="0"/><line nr="242" mi="0" ci="1" mb="0" cb="0"/><line nr="245" mi="0" ci="6" mb="0" cb="0"/><line nr="246" mi="0" ci="6" mb="0" cb="0"/><line nr="247" mi="0" ci="8" mb="0" cb="0"/><line nr="248" mi="0" ci="8" mb="0" cb="0"/><line nr="249" mi="0" ci="1" mb="0" cb="0"/><line nr="252" mi="0" ci="3" mb="0" cb="0"/><line nr="253" mi="0" ci="5" mb="0" cb="0"/><line nr="254" mi="0" ci="1" mb="0" cb="0"/><line nr="257" mi="0" ci="3" mb="0" cb="0"/><line nr="258" mi="0" ci="5" mb="0" cb="0"/><line nr="259" mi="0" ci="1" mb="0" cb="0"/><line nr="262" mi="0" ci="19" mb="0" cb="0"/><line nr="267" mi="5" ci="0" mb="0" cb="0"/><line nr="268" mi="5" ci="0" mb="0" cb="0"/><line nr="270" mi="1" ci="0" mb="0" cb="0"/><counter type="INSTRUCTION" missed="341" covered="338"/><counter type="BRANCH" missed="138" covered="74"/><counter type="LINE" missed="76" covered="65"/><counter type="COMPLEXITY" missed="83" covered="41"/><counter type="METHOD" missed="6" covered="12"/><counter type="CLASS" missed="0" covered="1"/></sourcefile><sourcefile name="Bishop.java"><line nr="9" mi="0" ci="5" mb="0" cb="0"/><line nr="10" mi="0" ci="1" mb="0" cb="0"/><line nr="14" mi="0" ci="9" mb="0" cb="2"/><line nr="16" mi="0" ci="2" mb="0" cb="0"/><line nr="19" mi="0" ci="9" mb="0" cb="2"/><line nr="20" mi="0" ci="2" mb="0" cb="0"/><line nr="23" mi="0" ci="2" mb="0" cb="0"/><line nr="30" mi="2" ci="0" mb="0" cb="0"/><line nr="31" mi="2" ci="0" mb="0" cb="0"/><line nr="33" mi="9" ci="0" mb="2" cb="0"/><line nr="34" mi="8" ci="0" mb="4" cb="0"/><line nr="35" mi="8" ci="0" mb="4" cb="0"/><line nr="36" mi="1" ci="0" mb="0" cb="0"/><line nr="37" mi="1" ci="0" mb="0" cb="0"/><line nr="39" mi="8" ci="0" mb="4" cb="0"/><line nr="40" mi="2" ci="0" mb="0" cb="0"/><line nr="43" mi="8" ci="0" mb="4" cb="0"/><line nr="44" mi="8" ci="0" mb="4" cb="0"/><line nr="45" mi="1" ci="0" mb="0" cb="0"/><line nr="46" mi="1" ci="0" mb="0" cb="0"/><line nr="48" mi="8" ci="0" mb="4" cb="0"/><line nr="49" mi="2" ci="0" mb="0" cb="0"/><line nr="54" mi="9" ci="0" mb="2" cb="0"/><line nr="56" mi="8" ci="0" mb="4" cb="0"/><line nr="58" mi="8" ci="0" mb="4" cb="0"/><line nr="59" mi="1" ci="0" mb="0" cb="0"/><line nr="60" mi="1" ci="0" mb="0" cb="0"/><line nr="62" mi="8" ci="0" mb="4" cb="0"/><line nr="64" mi="2" ci="0" mb="0" cb="0"/><line nr="69" mi="8" ci="0" mb="4" cb="0"/><line nr="70" mi="8" ci="0" mb="4" cb="0"/><line nr="71" mi="1" ci="0" mb="0" cb="0"/><line nr="72" mi="1" ci="0" mb="0" cb="0"/><line nr="74" mi="8" ci="0" mb="4" cb="0"/><line nr="75" mi="2" ci="0" mb="0" cb="0"/><line nr="82" mi="2" ci="0" mb="0" cb="0"/><line nr="86" mi="4" ci="0" mb="0" cb="0"/><line nr="90" mi="0" ci="3" mb="0" cb="0"/><line nr="94" mi="10" ci="0" mb="4" cb="0"/><line nr="95" mi="2" ci="0" mb="0" cb="0"/><line nr="97" mi="2" ci="0" mb="0" cb="0"/><line nr="102" mi="0" ci="2" mb="0" cb="0"/><line nr="103" mi="0" ci="2" mb="0" cb="0"/><line nr="105" mi="0" ci="9" mb="0" cb="2"/><line nr="106" mi="0" ci="8" mb="1" cb="3"/><line nr="107" mi="6" ci="6" mb="3" cb="1"/><line nr="108" mi="1" ci="0" mb="0" cb="0"/><line nr="109" mi="1" ci="0" mb="0" cb="0"/><line nr="111" mi="8" ci="0" mb="4" cb="0"/><line nr="112" mi="2" ci="0" mb="0" cb="0"/><line nr="115" mi="0" ci="8" mb="1" cb="3"/><line nr="116" mi="0" ci="12" mb="1" cb="3"/><line nr="117" mi="0" ci="1" mb="0" cb="0"/><line nr="118" mi="0" ci="1" mb="0" cb="0"/><line nr="120" mi="0" ci="8" mb="0" cb="4"/><line nr="121" mi="0" ci="2" mb="0" cb="0"/><line nr="126" mi="0" ci="9" mb="1" cb="1"/><line nr="128" mi="0" ci="8" mb="1" cb="3"/><line nr="130" mi="0" ci="12" mb="1" cb="3"/><line nr="131" mi="0" ci="1" mb="0" cb="0"/><line nr="132" mi="0" ci="1" mb="0" cb="0"/><line nr="134" mi="0" ci="8" mb="1" cb="3"/><line nr="136" mi="2" ci="0" mb="0" cb="0"/><line nr="141" mi="0" ci="8" mb="2" cb="2"/><line nr="142" mi="0" ci="12" mb="2" cb="2"/><line nr="143" mi="1" ci="0" mb="0" cb="0"/><line nr="144" mi="1" ci="0" mb="0" cb="0"/><line nr="146" mi="8" ci="0" mb="4" cb="0"/><line nr="147" mi="2" ci="0" mb="0" cb="0"/><line nr="154" mi="0" ci="2" mb="0" cb="0"/><line nr="158" mi="0" ci="3" mb="0" cb="0"/><line nr="162" mi="0" ci="4" mb="0" cb="0"/><line nr="166" mi="0" ci="5" mb="0" cb="0"/><line nr="170" mi="3" ci="0" mb="0" cb="0"/><line nr="174" mi="3" ci="0" mb="0" cb="0"/><line nr="178" mi="0" ci="4" mb="0" cb="0"/><line nr="179" mi="0" ci="4" mb="0" cb="0"/><line nr="180" mi="0" ci="1" mb="0" cb="0"/><line nr="183" mi="0" ci="6" mb="0" cb="0"/><line nr="184" mi="0" ci="6" mb="0" cb="0"/><line nr="186" mi="0" ci="5" mb="0" cb="0"/><line nr="188" mi="0" ci="5" mb="0" cb="0"/><line nr="189" mi="0" ci="5" mb="0" cb="0"/><line nr="190" mi="0" ci="5" mb="0" cb="0"/><line nr="192" mi="0" ci="1" mb="0" cb="0"/><line nr="195" mi="0" ci="3" mb="0" cb="0"/><line nr="196" mi="0" ci="4" mb="0" cb="0"/><line nr="198" mi="0" ci="1" mb="0" cb="0"/><line nr="201" mi="0" ci="3" mb="0" cb="0"/><line nr="202" mi="0" ci="5" mb="0" cb="0"/><line nr="203" mi="0" ci="1" mb="0" cb="0"/><line nr="206" mi="0" ci="19" mb="0" cb="0"/><line nr="211" mi="5" ci="0" mb="0" cb="0"/><line nr="212" mi="5" ci="0" mb="0" cb="0"/><line nr="214" mi="1" ci="0" mb="0" cb="0"/><counter type="INSTRUCTION" missed="203" covered="243"/><counter type="BRANCH" missed="78" covered="34"/><counter type="LINE" missed="47" covered="48"/><counter type="COMPLEXITY" missed="51" covered="23"/><counter type="METHOD" missed="6" covered="12"/><counter type="CLASS" missed="0" covered="1"/></sourcefile><sourcefile name="Rook.java"><line nr="9" mi="0" ci="5" mb="0" cb="0"/><line nr="10" mi="0" ci="1" mb="0" cb="0"/><line nr="13" mi="0" ci="12" mb="2" cb="4"/><line nr="14" mi="0" ci="2" mb="0" cb="0"/><line nr="15" mi="0" ci="12" mb="1" cb="5"/><line nr="16" mi="0" ci="2" mb="0" cb="0"/><line nr="19" mi="0" ci="2" mb="0" cb="0"/><line nr="25" mi="2" ci="0" mb="0" cb="0"/><line nr="26" mi="2" ci="0" mb="0" cb="0"/><line nr="27" mi="12" ci="0" mb="6" cb="0"/><line nr="29" mi="4" ci="0" mb="2" cb="0"/><line nr="30" mi="4" ci="0" mb="2" cb="0"/><line nr="31" mi="1" ci="0" mb="0" cb="0"/><line nr="32" mi="8" ci="0" mb="4" cb="0"/><line nr="34" mi="2" ci="0" mb="0" cb="0"/><line nr="37" mi="4" ci="0" mb="2" cb="0"/><line nr="38" mi="4" ci="0" mb="2" cb="0"/><line nr="39" mi="1" ci="0" mb="0" cb="0"/><line nr="40" mi="8" ci="0" mb="4" cb="0"/><line nr="41" mi="2" ci="0" mb="0" cb="0"/><line nr="45" mi="12" ci="0" mb="6" cb="0"/><line nr="46" mi="4" ci="0" mb="2" cb="0"/><line nr="47" mi="4" ci="0" mb="2" cb="0"/><line nr="48" mi="1" ci="0" mb="0" cb="0"/><line nr="49" mi="8" ci="0" mb="4" cb="0"/><line nr="50" mi="2" ci="0" mb="0" cb="0"/><line nr="53" mi="4" ci="0" mb="2" cb="0"/><line nr="54" mi="4" ci="0" mb="2" cb="0"/><line nr="55" mi="1" ci="0" mb="0" cb="0"/><line nr="57" mi="8" ci="0" mb="4" cb="0"/><line nr="58" mi="2" ci="0" mb="0" cb="0"/><line nr="63" mi="2" ci="0" mb="0" cb="0"/><line nr="68" mi="4" ci="0" mb="0" cb="0"/><line nr="72" mi="0" ci="3" mb="0" cb="0"/><line nr="76" mi="10" ci="0" mb="4" cb="0"/><line nr="77" mi="2" ci="0" mb="0" cb="0"/><line nr="79" mi="2" ci="0" mb="0" cb="0"/><line nr="83" mi="0" ci="2" mb="0" cb="0"/><line nr="84" mi="0" ci="2" mb="0" cb="0"/><line nr="85" mi="0" ci="12" mb="0" cb="6"/><line nr="87" mi="0" ci="4" mb="0" cb="2"/><line nr="88" mi="0" ci="6" mb="0" cb="2"/><line nr="89" mi="0" ci="1" mb="0" cb="0"/><line nr="90" mi="4" ci="4" mb="3" cb="1"/><line nr="92" mi="2" ci="0" mb="0" cb="0"/><line nr="95" mi="0" ci="4" mb="1" cb="1"/><line nr="96" mi="0" ci="6" mb="0" cb="2"/><line nr="97" mi="0" ci="1" mb="0" cb="0"/><line nr="98" mi="4" ci="4" mb="3" cb="1"/><line nr="99" mi="2" ci="0" mb="0" cb="0"/><line nr="103" mi="0" ci="12" mb="2" cb="4"/><line nr="104" mi="0" ci="4" mb="1" cb="1"/><line nr="105" mi="6" ci="0" mb="2" cb="0"/><line nr="106" mi="1" ci="0" mb="0" cb="0"/><line nr="107" mi="8" ci="0" mb="4" cb="0"/><line nr="108" mi="2" ci="0" mb="0" cb="0"/><line nr="111" mi="0" ci="4" mb="1" cb="1"/><line nr="112" mi="0" ci="6" mb="0" cb="2"/><line nr="113" mi="0" ci="1" mb="0" cb="0"/><line nr="115" mi="0" ci="8" mb="0" cb="4"/><line nr="116" mi="0" ci="2" mb="0" cb="0"/><line nr="122" mi="0" ci="2" mb="0" cb="0"/><line nr="126" mi="0" ci="3" mb="0" cb="0"/><line nr="130" mi="0" ci="4" mb="0" cb="0"/><line nr="135" mi="0" ci="5" mb="0" cb="0"/><line nr="139" mi="0" ci="5" mb="0" cb="0"/><line nr="140" mi="0" ci="3" mb="0" cb="0"/><line nr="144" mi="0" ci="5" mb="0" cb="0"/><line nr="145" mi="0" ci="3" mb="0" cb="0"/><line nr="149" mi="0" ci="4" mb="0" cb="0"/><line nr="150" mi="0" ci="4" mb="0" cb="0"/><line nr="151" mi="0" ci="1" mb="0" cb="0"/><line nr="154" mi="0" ci="6" mb="0" cb="0"/><line nr="155" mi="0" ci="6" mb="0" cb="0"/><line nr="156" mi="0" ci="8" mb="0" cb="0"/><line nr="157" mi="0" ci="8" mb="0" cb="0"/><line nr="158" mi="0" ci="1" mb="0" cb="0"/><line nr="161" mi="0" ci="3" mb="0" cb="0"/><line nr="162" mi="0" ci="4" mb="0" cb="0"/><line nr="163" mi="0" ci="1" mb="0" cb="0"/><line nr="166" mi="0" ci="3" mb="0" cb="0"/><line nr="167" mi="0" ci="4" mb="0" cb="0"/><line nr="168" mi="0" ci="1" mb="0" cb="0"/><line nr="171" mi="0" ci="19" mb="0" cb="0"/><line nr="176" mi="5" ci="0" mb="0" cb="0"/><line nr="177" mi="5" ci="0" mb="0" cb="0"/><line nr="179" mi="1" ci="0" mb="0" cb="0"/><counter type="INSTRUCTION" missed="164" covered="225"/><counter type="BRANCH" missed="68" covered="36"/><counter type="LINE" missed="38" covered="49"/><counter type="COMPLEXITY" missed="43" covered="27"/><counter type="METHOD" missed="4" covered="14"/><counter type="CLASS" missed="0" covered="1"/></sourcefile><sourcefile name="King.java"><line nr="9" mi="0" ci="5" mb="0" cb="0"/><line nr="10" mi="0" ci="1" mb="0" cb="0"/><line nr="13" mi="0" ci="4" mb="0" cb="0"/><line nr="17" mi="0" ci="5" mb="0" cb="0"/><line nr="21" mi="0" ci="5" mb="0" cb="0"/><line nr="22" mi="0" ci="3" mb="0" cb="0"/><line nr="26" mi="0" ci="4" mb="0" cb="0"/><line nr="27" mi="0" ci="4" mb="0" cb="0"/><line nr="28" mi="0" ci="1" mb="0" cb="0"/><line nr="31" mi="0" ci="3" mb="0" cb="0"/><line nr="35" mi="0" ci="5" mb="0" cb="0"/><line nr="36" mi="0" ci="3" mb="0" cb="0"/><line nr="40" mi="0" ci="6" mb="0" cb="0"/><line nr="41" mi="0" ci="6" mb="0" cb="0"/><line nr="43" mi="0" ci="5" mb="0" cb="0"/><line nr="45" mi="0" ci="5" mb="0" cb="0"/><line nr="47" mi="0" ci="5" mb="0" cb="0"/><line nr="48" mi="0" ci="5" mb="0" cb="0"/><line nr="49" mi="0" ci="1" mb="0" cb="0"/><line nr="53" mi="5" ci="0" mb="0" cb="0"/><line nr="54" mi="5" ci="0" mb="0" cb="0"/><line nr="56" mi="1" ci="0" mb="0" cb="0"/><line nr="59" mi="0" ci="3" mb="0" cb="0"/><line nr="63" mi="0" ci="3" mb="0" cb="0"/><line nr="64" mi="0" ci="5" mb="0" cb="0"/><line nr="65" mi="0" ci="1" mb="0" cb="0"/><line nr="68" mi="0" ci="3" mb="0" cb="0"/><line nr="69" mi="0" ci="5" mb="0" cb="0"/><line nr="70" mi="0" ci="1" mb="0" cb="0"/><line nr="73" mi="10" ci="0" mb="4" cb="0"/><line nr="74" mi="2" ci="0" mb="0" cb="0"/><line nr="76" mi="2" ci="0" mb="0" cb="0"/><line nr="81" mi="4" ci="84" mb="6" cb="26"/><line nr="86" mi="0" ci="2" mb="0" cb="0"/><line nr="89" mi="0" ci="2" mb="0" cb="0"/><line nr="94" mi="4" ci="0" mb="0" cb="0"/><line nr="98" mi="0" ci="19" mb="0" cb="0"/><counter type="INSTRUCTION" missed="33" covered="204"/><counter type="BRANCH" missed="10" covered="26"/><counter type="LINE" missed="7" covered="30"/><counter type="COMPLEXITY" missed="10" covered="24"/><counter type="METHOD" missed="3" covered="13"/><counter type="CLASS" missed="0" covered="1"/></sourcefile><sourcefile name="Pawn.java"><line nr="9" mi="0" ci="3" mb="0" cb="0"/><line nr="12" mi="0" ci="5" mb="0" cb="0"/><line nr="13" mi="0" ci="1" mb="0" cb="0"/><line nr="17" mi="0" ci="4" mb="0" cb="2"/><line nr="18" mi="0" ci="10" mb="1" cb="3"/><line nr="20" mi="2" ci="0" mb="0" cb="0"/><line nr="22" mi="0" ci="13" mb="2" cb="4"/><line nr="24" mi="0" ci="2" mb="0" cb="0"/><line nr="25" mi="0" ci="27" mb="3" cb="7"/><line nr="26" mi="0" ci="2" mb="0" cb="0"/><line nr="28" mi="0" ci="2" mb="0" cb="0"/><line nr="30" mi="0" ci="4" mb="1" cb="1"/><line nr="31" mi="0" ci="10" mb="0" cb="4"/><line nr="32" mi="0" ci="2" mb="0" cb="0"/><line nr="33" mi="0" ci="13" mb="1" cb="5"/><line nr="34" mi="0" ci="2" mb="0" cb="0"/><line nr="35" mi="0" ci="27" mb="2" cb="8"/><line nr="36" mi="0" ci="2" mb="0" cb="0"/><line nr="38" mi="0" ci="2" mb="0" cb="0"/><line nr="41" mi="2" ci="0" mb="0" cb="0"/><line nr="46" mi="4" ci="0" mb="0" cb="0"/><line nr="50" mi="0" ci="3" mb="0" cb="0"/><line nr="54" mi="10" ci="0" mb="4" cb="0"/><line nr="55" mi="2" ci="0" mb="0" cb="0"/><line nr="57" mi="2" ci="0" mb="0" cb="0"/><line nr="61" mi="0" ci="12" mb="0" cb="4"/><line nr="62" mi="0" ci="4" mb="0" cb="2"/><line nr="64" mi="7" ci="6" mb="5" cb="1"/><line nr="65" mi="2" ci="0" mb="0" cb="0"/><line nr="67" mi="0" ci="2" mb="0" cb="0"/><line nr="69" mi="0" ci="4" mb="1" cb="1"/><line nr="71" mi="3" ci="10" mb="3" cb="3"/><line nr="73" mi="2" ci="0" mb="0" cb="0"/><line nr="76" mi="0" ci="2" mb="0" cb="0"/><line nr="81" mi="0" ci="2" mb="0" cb="0"/><line nr="85" mi="0" ci="3" mb="0" cb="0"/><line nr="89" mi="0" ci="3" mb="0" cb="0"/><line nr="93" mi="0" ci="4" mb="0" cb="0"/><line nr="97" mi="0" ci="5" mb="0" cb="0"/><line nr="101" mi="3" ci="0" mb="0" cb="0"/><line nr="105" mi="3" ci="0" mb="0" cb="0"/><line nr="109" mi="3" ci="0" mb="0" cb="0"/><line nr="110" mi="1" ci="0" mb="0" cb="0"/><line nr="113" mi="0" ci="4" mb="0" cb="0"/><line nr="114" mi="0" ci="4" mb="0" cb="0"/><line nr="115" mi="0" ci="1" mb="0" cb="0"/><line nr="118" mi="0" ci="6" mb="0" cb="0"/><line nr="119" mi="0" ci="6" mb="0" cb="0"/><line nr="120" mi="0" ci="8" mb="0" cb="0"/><line nr="121" mi="0" ci="8" mb="0" cb="0"/><line nr="122" mi="0" ci="5" mb="0" cb="0"/><line nr="123" mi="0" ci="5" mb="0" cb="0"/><line nr="124" mi="0" ci="3" mb="0" cb="0"/><line nr="125" mi="0" ci="3" mb="0" cb="0"/><line nr="126" mi="0" ci="1" mb="0" cb="0"/><line nr="129" mi="0" ci="3" mb="0" cb="0"/><line nr="130" mi="0" ci="4" mb="0" cb="2"/><line nr="131" mi="0" ci="28" mb="2" cb="6"/><line nr="133" mi="0" ci="3" mb="0" cb="0"/><line nr="134" mi="0" ci="2" mb="0" cb="0"/><line nr="136" mi="0" ci="2" mb="0" cb="0"/><line nr="138" mi="0" ci="4" mb="1" cb="1"/><line nr="139" mi="0" ci="28" mb="0" cb="8"/><line nr="140" mi="0" ci="3" mb="0" cb="0"/><line nr="142" mi="0" ci="2" mb="0" cb="0"/><line nr="144" mi="0" ci="2" mb="0" cb="0"/><line nr="147" mi="2" ci="0" mb="0" cb="0"/><line nr="151" mi="3" ci="0" mb="0" cb="0"/><line nr="152" mi="5" ci="0" mb="0" cb="0"/><line nr="153" mi="1" ci="0" mb="0" cb="0"/><line nr="156" mi="0" ci="3" mb="0" cb="0"/><line nr="157" mi="0" ci="5" mb="0" cb="0"/><line nr="158" mi="0" ci="1" mb="0" cb="0"/><line nr="161" mi="0" ci="19" mb="0" cb="0"/><line nr="166" mi="5" ci="0" mb="0" cb="0"/><line nr="167" mi="5" ci="0" mb="0" cb="0"/><line nr="169" mi="1" ci="0" mb="0" cb="0"/><counter type="INSTRUCTION" missed="68" covered="354"/><counter type="BRANCH" missed="26" covered="62"/><counter type="LINE" missed="19" covered="58"/><counter type="COMPLEXITY" missed="28" covered="36"/><counter type="METHOD" missed="7" covered="13"/><counter type="CLASS" missed="0" covered="1"/></sourcefile><counter type="INSTRUCTION" missed="844" covered="1617"/><counter type="BRANCH" missed="327" covered="261"/><counter type="LINE" missed="196" covered="289"/><counter type="COMPLEXITY" missed="225" covered="178"/><counter type="METHOD" missed="31" covered="78"/><counter type="CLASS" missed="0" covered="8"/></package><counter type="INSTRUCTION" missed="6713" covered="9069"/><counter type="BRANCH" missed="1272" covered="1025"/><counter type="LINE" missed="1572" covered="1790"/><counter type="COMPLEXITY" missed="975" covered="668"/><counter type="METHOD" missed="97" covered="200"/><counter type="CLASS" missed="6" covered="50"/></report>